Using pre-set license
Built from '2020.3/staging' branch; Version is '2020.3.6f1 (338bb68529b2) revision 3378102'; Using compiler version '192528614'; Build Type 'Release'
OS: 'Windows 10 Pro; OS build 19042.867; Version 2009; 64bit' Language: 'es' Physical Memory: 16310 MB
BatchMode: 1, IsHumanControllingUs: 0, StartBugReporterOnCrash: 0, Is64bit: 1, IsPro: 0

 COMMAND LINE ARGUMENTS:
C:\Program Files\Unity\Hub\Editor\2020.3.6f1\Editor\Unity.exe
-adb2
-batchMode
-noUpm
-name
AssetImportWorker0
-projectPath
C:/GitHub/Project-Ninja/Project Ninja Source
-logFile
Logs/AssetImportWorker0.log
-srvPort
59157
Successfully changed project path to: C:/GitHub/Project-Ninja/Project Ninja Source
C:/GitHub/Project-Ninja/Project Ninja Source
Using Asset Import Pipeline V2.
Refreshing native plugins compatible for Editor in 298.92 ms, found 27 plugins.
Preloading 0 native plugins for Editor in 0.00 ms.
Initialize engine version: 2020.3.6f1 (338bb68529b2)
[Subsystems] Discovering subsystems at path C:/Program Files/Unity/Hub/Editor/2020.3.6f1/Editor/Data/Resources/UnitySubsystems
[Subsystems] Discovering subsystems at path C:/GitHub/Project-Ninja/Project Ninja Source/Assets
GfxDevice: creating device client; threaded=0
Direct3D:
    Version:  Direct3D 11.0 [level 11.1]
    Renderer: Radeon RX 580 Series (ID=0x67df)
    Vendor:   
    VRAM:     8172 MB
    Driver:   26.20.13002.133
Initialize mono
Mono path[0] = 'C:/Program Files/Unity/Hub/Editor/2020.3.6f1/Editor/Data/Managed'
Mono path[1] = 'C:/Program Files/Unity/Hub/Editor/2020.3.6f1/Editor/Data/MonoBleedingEdge/lib/mono/unityjit'
Mono config path = 'C:/Program Files/Unity/Hub/Editor/2020.3.6f1/Editor/Data/MonoBleedingEdge/etc'
Using monoOptions --debugger-agent=transport=dt_socket,embedding=1,server=y,suspend=n,address=127.0.0.1:56884
Begin MonoManager ReloadAssembly
Registering precompiled unity dll's ...
Register platform support module: C:/Program Files/Unity/Hub/Editor/2020.3.6f1/Editor/Data/PlaybackEngines/WindowsStandaloneSupport/UnityEditor.WindowsStandalone.Extensions.dll
Registered in 0.001689 seconds.
Native extension for WindowsStandalone target not found
Refreshing native plugins compatible for Editor in 265.43 ms, found 27 plugins.
Preloading 0 native plugins for Editor in 0.00 ms.
Mono: successfully reloaded assembly
- Completed reload, in  2.815 seconds
Platform modules already initialized, skipping
Registering precompiled user dll's ...
Registered in 0.019169 seconds.
Begin MonoManager ReloadAssembly
Native extension for WindowsStandalone target not found
Refreshing native plugins compatible for Editor in 265.83 ms, found 27 plugins.
Preloading 0 native plugins for Editor in 0.00 ms.
Mono: successfully reloaded assembly
- Completed reload, in  3.070 seconds
Platform modules already initialized, skipping
========================================================================
Worker process is ready to serve import requests
Launched and connected shader compiler UnityShaderCompiler.exe after 0.05 seconds
Refreshing native plugins compatible for Editor in 3.18 ms, found 27 plugins.
Preloading 0 native plugins for Editor in 0.00 ms.
Unloading 6520 Unused Serialized files (Serialized files now loaded: 0)
System memory in use before: 367.4 MB.
System memory in use after: 367.6 MB.

Unloading 162 unused Assets to reduce memory usage. Loaded Objects now: 6939.
Total: 24.707100 ms (FindLiveObjects: 0.789800 ms CreateObjectMapping: 0.180100 ms MarkObjects: 23.450000 ms  DeleteObjects: 0.285700 ms)

========================================================================
Received Import Request.
  path: Assets/MPUIKit
  artifactKey: Guid(2d985b313f02c074d93c853f9f76969f) Importer(815301076,1909f56bfc062723c751e8b465ee728b)
Start importing Assets/MPUIKit using Guid(2d985b313f02c074d93c853f9f76969f) Importer(815301076,1909f56bfc062723c751e8b465ee728b)  -> (artifact id: '1f89e8b0290128bbf731e31eaea23b66') in 0.017503 seconds
  Import took 0.027828 seconds .

========================================================================
Received Import Request.
  Time since last request: 15.504040 seconds.
  path: Assets/Plugins/Sirenix
  artifactKey: Guid(f8b16eeee739e52448b12de8c6e054fd) Importer(815301076,1909f56bfc062723c751e8b465ee728b)
Start importing Assets/Plugins/Sirenix using Guid(f8b16eeee739e52448b12de8c6e054fd) Importer(815301076,1909f56bfc062723c751e8b465ee728b)  -> (artifact id: '558e043e5e04041fdab37d571f6ceaa8') in 0.007539 seconds
  Import took 0.018856 seconds .

========================================================================
Received Import Request.
  Time since last request: 2.985170 seconds.
  path: Assets/Plugins/Sirenix/Assemblies
  artifactKey: Guid(416c9d29fc2bc8b459b3c1a31c21726d) Importer(815301076,1909f56bfc062723c751e8b465ee728b)
Start importing Assets/Plugins/Sirenix/Assemblies using Guid(416c9d29fc2bc8b459b3c1a31c21726d) Importer(815301076,1909f56bfc062723c751e8b465ee728b)  -> (artifact id: 'd16ad8b9d030fbea5f2f142bcd707a53') in 0.006654 seconds
  Import took 0.018974 seconds .

========================================================================
Received Import Request.
  Time since last request: 30.938523 seconds.
  path: Assets/Plugins/Sirenix
  artifactKey: Guid(f8b16eeee739e52448b12de8c6e054fd) Importer(815301076,1909f56bfc062723c751e8b465ee728b)
Start importing Assets/Plugins/Sirenix using Guid(f8b16eeee739e52448b12de8c6e054fd) Importer(815301076,1909f56bfc062723c751e8b465ee728b)  -> (artifact id: '7593084657be1a1f9c40645068dddbec') in 0.007545 seconds
  Import took 0.021316 seconds .

========================================================================
Received Import Request.
  Time since last request: 111.324172 seconds.
  path: Assets/Plugins/Sirenix/Odin Inspector/Config/Editor/OdinModuleConfig.asset
  artifactKey: Guid(a71e1b5cd1cf94d4fa8c7b89b832ccee) Importer(815301076,1909f56bfc062723c751e8b465ee728b)
Start importing Assets/Plugins/Sirenix/Odin Inspector/Config/Editor/OdinModuleConfig.asset using Guid(a71e1b5cd1cf94d4fa8c7b89b832ccee) Importer(815301076,1909f56bfc062723c751e8b465ee728b)  -> (artifact id: 'db4f378b9adcf610e5939fd067d67668') in 0.030855 seconds
  Import took 0.041649 seconds .

========================================================================
Received Import Request.
  Time since last request: 126.933126 seconds.
  path: Assets/Databox
  artifactKey: Guid(ef4981dc3a2fc3a449d764499ad1e9a9) Importer(815301076,1909f56bfc062723c751e8b465ee728b)
Start importing Assets/Databox using Guid(ef4981dc3a2fc3a449d764499ad1e9a9) Importer(815301076,1909f56bfc062723c751e8b465ee728b)  -> (artifact id: 'a24e2cbfff54701fdc627e14d05cca84') in 0.008000 seconds
  Import took 0.018194 seconds .

AssetImportWorkerClient::OnTransportError - code=2 error=End of file
