Using pre-set license
Built from '2020.3/staging' branch; Version is '2020.3.6f1 (338bb68529b2) revision 3378102'; Using compiler version '192528614'; Build Type 'Release'
OS: 'Windows 10 Pro; OS build 19042.867; Version 2009; 64bit' Language: 'es' Physical Memory: 16310 MB
BatchMode: 1, IsHumanControllingUs: 0, StartBugReporterOnCrash: 0, Is64bit: 1, IsPro: 0

 COMMAND LINE ARGUMENTS:
C:\Program Files\Unity\Hub\Editor\2020.3.6f1\Editor\Unity.exe
-adb2
-batchMode
-noUpm
-name
AssetImportWorker0
-projectPath
C:/GitHub/Project-Ninja/Project Ninja Source
-logFile
Logs/AssetImportWorker0.log
-srvPort
57234
Successfully changed project path to: C:/GitHub/Project-Ninja/Project Ninja Source
C:/GitHub/Project-Ninja/Project Ninja Source
Using Asset Import Pipeline V2.
Refreshing native plugins compatible for Editor in 28.44 ms, found 0 plugins.
Preloading 0 native plugins for Editor in 0.00 ms.
Initialize engine version: 2020.3.6f1 (338bb68529b2)
[Subsystems] Discovering subsystems at path C:/Program Files/Unity/Hub/Editor/2020.3.6f1/Editor/Data/Resources/UnitySubsystems
[Subsystems] Discovering subsystems at path C:/GitHub/Project-Ninja/Project Ninja Source/Assets
GfxDevice: creating device client; threaded=0
Direct3D:
    Version:  Direct3D 11.0 [level 11.1]
    Renderer: Radeon RX 580 Series (ID=0x67df)
    Vendor:   
    VRAM:     8172 MB
    Driver:   26.20.13002.133
Initialize mono
Mono path[0] = 'C:/Program Files/Unity/Hub/Editor/2020.3.6f1/Editor/Data/Managed'
Mono path[1] = 'C:/Program Files/Unity/Hub/Editor/2020.3.6f1/Editor/Data/MonoBleedingEdge/lib/mono/unityjit'
Mono config path = 'C:/Program Files/Unity/Hub/Editor/2020.3.6f1/Editor/Data/MonoBleedingEdge/etc'
Using monoOptions --debugger-agent=transport=dt_socket,embedding=1,server=y,suspend=n,address=127.0.0.1:56724
Begin MonoManager ReloadAssembly
Registering precompiled unity dll's ...
Register platform support module: C:/Program Files/Unity/Hub/Editor/2020.3.6f1/Editor/Data/PlaybackEngines/WindowsStandaloneSupport/UnityEditor.WindowsStandalone.Extensions.dll
Registered in 0.002121 seconds.
Native extension for WindowsStandalone target not found
Refreshing native plugins compatible for Editor in 28.25 ms, found 0 plugins.
Preloading 0 native plugins for Editor in 0.00 ms.
Mono: successfully reloaded assembly
- Completed reload, in  1.560 seconds
Platform modules already initialized, skipping
Registering precompiled user dll's ...
Registered in 0.000686 seconds.
Begin MonoManager ReloadAssembly
Native extension for WindowsStandalone target not found
Refreshing native plugins compatible for Editor in 0.36 ms, found 0 plugins.
Preloading 0 native plugins for Editor in 0.00 ms.
Mono: successfully reloaded assembly
- Completed reload, in  0.758 seconds
Platform modules already initialized, skipping
========================================================================
Worker process is ready to serve import requests
Launched and connected shader compiler UnityShaderCompiler.exe after 0.04 seconds
Refreshing native plugins compatible for Editor in 0.35 ms, found 0 plugins.
Preloading 0 native plugins for Editor in 0.00 ms.
Unloading 1214 Unused Serialized files (Serialized files now loaded: 0)
System memory in use before: 59.7 MB.
System memory in use after: 59.7 MB.

Unloading 22 unused Assets to reduce memory usage. Loaded Objects now: 1644.
Total: 1.798700 ms (FindLiveObjects: 0.160100 ms CreateObjectMapping: 0.027800 ms MarkObjects: 1.558300 ms  DeleteObjects: 0.051500 ms)

========================================================================
Received Import Request.
  path: Assets/Editor/com.unity.mobile.notifications/NotificationSettings.asset
  artifactKey: Guid(45a04f37e0f48c744acc0874c4a8918a) Importer(815301076,1909f56bfc062723c751e8b465ee728b)
Start importing Assets/Editor/com.unity.mobile.notifications/NotificationSettings.asset using Guid(45a04f37e0f48c744acc0874c4a8918a) Importer(815301076,1909f56bfc062723c751e8b465ee728b)  -> (artifact id: '365299ed98e0e2844c2be73bbd06db0c') in 0.033705 seconds
  Import took 0.035657 seconds .

========================================================================
Received Import Request.
  Time since last request: 198.763857 seconds.
  path: Assets
  artifactKey: Guid(00000000000000001000000000000000) Importer(815301076,1909f56bfc062723c751e8b465ee728b)
Start importing Assets using Guid(00000000000000001000000000000000) Importer(815301076,1909f56bfc062723c751e8b465ee728b)  -> (artifact id: '2c602d4445bd9e0e517b9a7c882a2249') in 0.007112 seconds
  Import took 0.009212 seconds .

========================================================================
Received Import Request.
  Time since last request: 9.199782 seconds.
  path: Assets/Scripts
  artifactKey: Guid(a1a7d14f636e45c4c8f6710b93d82947) Importer(815301076,1909f56bfc062723c751e8b465ee728b)
Start importing Assets/Scripts using Guid(a1a7d14f636e45c4c8f6710b93d82947) Importer(815301076,1909f56bfc062723c751e8b465ee728b)  -> (artifact id: '7ac729815d87797f0c6c1f547b7ed1a4') in 0.007243 seconds
  Import took 0.009303 seconds .

========================================================================
Received Import Request.
  Time since last request: 9.215411 seconds.
  path: Assets/Plugins
  artifactKey: Guid(8bb804274f83ec94c9dfe40fb3145f43) Importer(815301076,1909f56bfc062723c751e8b465ee728b)
Start importing Assets/Plugins using Guid(8bb804274f83ec94c9dfe40fb3145f43) Importer(815301076,1909f56bfc062723c751e8b465ee728b)  -> (artifact id: 'ebd4838a53e18672c385dd7e8c8fc63d') in 0.006039 seconds
  Import took 0.008172 seconds .

========================================================================
Received Import Request.
  Time since last request: 42.474679 seconds.
  path: Assets/ScriptableAssets
  artifactKey: Guid(73dcf286a574cd64ba57811a5bf34acd) Importer(815301076,1909f56bfc062723c751e8b465ee728b)
Start importing Assets/ScriptableAssets using Guid(73dcf286a574cd64ba57811a5bf34acd) Importer(815301076,1909f56bfc062723c751e8b465ee728b)  -> (artifact id: '9a34b255803473f38a645b0956b971ea') in 0.006029 seconds
  Import took 0.008041 seconds .

========================================================================
Received Import Request.
  Time since last request: 36.447882 seconds.
  path: Assets/Animations
  artifactKey: Guid(ec4a4cde3fc739e41b3180b14e0e2b27) Importer(815301076,1909f56bfc062723c751e8b465ee728b)
Start importing Assets/Animations using Guid(ec4a4cde3fc739e41b3180b14e0e2b27) Importer(815301076,1909f56bfc062723c751e8b465ee728b)  -> (artifact id: '7d63f7c7ebd26ecfa57fbf7daf04fb39') in 0.006050 seconds
  Import took 0.008056 seconds .

========================================================================
Received Import Request.
  Time since last request: 7.095558 seconds.
  path: Assets/Audio
  artifactKey: Guid(c974380ac62fb7b4fa65a129fd187fa1) Importer(815301076,1909f56bfc062723c751e8b465ee728b)
Start importing Assets/Audio using Guid(c974380ac62fb7b4fa65a129fd187fa1) Importer(815301076,1909f56bfc062723c751e8b465ee728b)  -> (artifact id: '12f848b41b655dda2f5bc917d0e9b3e2') in 0.006636 seconds
  Import took 0.008743 seconds .

========================================================================
Received Import Request.
  Time since last request: 6.975703 seconds.
  path: Assets/Audio/Music
  artifactKey: Guid(e46d36ef29aaced409c77faaf006dbef) Importer(815301076,1909f56bfc062723c751e8b465ee728b)
Start importing Assets/Audio/Music using Guid(e46d36ef29aaced409c77faaf006dbef) Importer(815301076,1909f56bfc062723c751e8b465ee728b)  -> (artifact id: '95461289fcf5986344b43b8d8c27d6a6') in 0.006636 seconds
  Import took 0.008634 seconds .

========================================================================
Received Import Request.
  Time since last request: 6.830289 seconds.
  path: Assets/Audio/SFX
  artifactKey: Guid(77888cf8f429abb488d923b4c8234dda) Importer(815301076,1909f56bfc062723c751e8b465ee728b)
Start importing Assets/Audio/SFX using Guid(77888cf8f429abb488d923b4c8234dda) Importer(815301076,1909f56bfc062723c751e8b465ee728b)  -> (artifact id: '8b59b45b5763425348586461b9fefff9') in 0.006311 seconds
  Import took 0.008251 seconds .

========================================================================
Received Import Request.
  Time since last request: 8.492471 seconds.
  path: Assets/Audio/AudioMixers
  artifactKey: Guid(cf171e3fe044bd346a1e082d05439d3f) Importer(815301076,1909f56bfc062723c751e8b465ee728b)
Start importing Assets/Audio/AudioMixers using Guid(cf171e3fe044bd346a1e082d05439d3f) Importer(815301076,1909f56bfc062723c751e8b465ee728b)  -> (artifact id: '768a7c23e04edde78e499696af492ba1') in 0.005927 seconds
  Import took 0.007894 seconds .

========================================================================
Received Import Request.
  Time since last request: 29.386872 seconds.
  path: Assets/Prefabs
  artifactKey: Guid(3b397a88fe92ecf439827eb159db0d28) Importer(815301076,1909f56bfc062723c751e8b465ee728b)
Start importing Assets/Prefabs using Guid(3b397a88fe92ecf439827eb159db0d28) Importer(815301076,1909f56bfc062723c751e8b465ee728b)  -> (artifact id: 'be6dfc6067d4f4d3ed9be36cb4e88fd6') in 0.006648 seconds
  Import took 0.008693 seconds .

========================================================================
Received Import Request.
  Time since last request: 8.647056 seconds.
  path: Assets/Prefabs/Models
  artifactKey: Guid(5b3cbcb098f21ad428ed71fa84fdd182) Importer(815301076,1909f56bfc062723c751e8b465ee728b)
Start importing Assets/Prefabs/Models using Guid(5b3cbcb098f21ad428ed71fa84fdd182) Importer(815301076,1909f56bfc062723c751e8b465ee728b)  -> (artifact id: '28ccf8def06172230b996c96ca9f215d') in 0.007396 seconds
  Import took 0.009409 seconds .

========================================================================
Received Import Request.
  Time since last request: 7.982048 seconds.
  path: Assets/Prefabs/Materials
  artifactKey: Guid(4ba3663e224e4c64e8e70e9187cfcbb9) Importer(815301076,1909f56bfc062723c751e8b465ee728b)
Start importing Assets/Prefabs/Materials using Guid(4ba3663e224e4c64e8e70e9187cfcbb9) Importer(815301076,1909f56bfc062723c751e8b465ee728b)  -> (artifact id: '42835f6e7ae207358928f7d0873d0800') in 0.005941 seconds
  Import took 0.007909 seconds .

========================================================================
Received Import Request.
  Time since last request: 8.152388 seconds.
  path: Assets/Prefabs/Textures
  artifactKey: Guid(e7f3de7e6c9099446809b9d3f252542d) Importer(815301076,1909f56bfc062723c751e8b465ee728b)
Start importing Assets/Prefabs/Textures using Guid(e7f3de7e6c9099446809b9d3f252542d) Importer(815301076,1909f56bfc062723c751e8b465ee728b)  -> (artifact id: 'f563e40df6ca9fae9d511e8001af179a') in 0.006643 seconds
  Import took 0.008641 seconds .

========================================================================
Received Import Request.
  Time since last request: 6.712140 seconds.
  path: Assets/Prefabs/Prefabs
  artifactKey: Guid(04a4c20a73aab8f4891472883bacd2b1) Importer(815301076,1909f56bfc062723c751e8b465ee728b)
Start importing Assets/Prefabs/Prefabs using Guid(04a4c20a73aab8f4891472883bacd2b1) Importer(815301076,1909f56bfc062723c751e8b465ee728b)  -> (artifact id: '9d90474ea8ae6d92b1b358adacf8e8ab') in 0.002074 seconds
  Import took 0.003973 seconds .

========================================================================
Received Import Request.
  Time since last request: 33.750422 seconds.
  path: Assets/PrefabAssets
  artifactKey: Guid(3b397a88fe92ecf439827eb159db0d28) Importer(815301076,1909f56bfc062723c751e8b465ee728b)
Start importing Assets/PrefabAssets using Guid(3b397a88fe92ecf439827eb159db0d28) Importer(815301076,1909f56bfc062723c751e8b465ee728b)  -> (artifact id: 'ba323290679ca8f4e4f5af95246e06f1') in 0.006241 seconds
  Import took 0.008317 seconds .

========================================================================
Received Import Request.
  Time since last request: 11.542367 seconds.
  path: Assets/Scenes/SampleScene.unity
  artifactKey: Guid(9fc0d4010bbf28b4594072e72b8655ab) Importer(815301076,1909f56bfc062723c751e8b465ee728b)
Start importing Assets/Scenes/SampleScene.unity using Guid(9fc0d4010bbf28b4594072e72b8655ab) Importer(815301076,1909f56bfc062723c751e8b465ee728b)  -> (artifact id: '5eb38de68edac020b7778486a5ad790c') in 0.006993 seconds
  Import took 0.009344 seconds .

========================================================================
Received Import Request.
  Time since last request: 0.001308 seconds.
  path: Assets/Scenes/SampleScene.unity
  artifactKey: Guid(9fc0d4010bbf28b4594072e72b8655ab) Importer(815301076,1909f56bfc062723c751e8b465ee728b)
Start importing Assets/Scenes/SampleScene.unity using Guid(9fc0d4010bbf28b4594072e72b8655ab) Importer(815301076,1909f56bfc062723c751e8b465ee728b)  -> (artifact id: '5eb38de68edac020b7778486a5ad790c') in 0.002414 seconds
  Import took 0.004143 seconds .

========================================================================
Received Import Request.
  Time since last request: 54.630559 seconds.
  path: Assets/GUI
  artifactKey: Guid(5fde73ef994915d499636061ff2565c5) Importer(815301076,1909f56bfc062723c751e8b465ee728b)
Start importing Assets/GUI using Guid(5fde73ef994915d499636061ff2565c5) Importer(815301076,1909f56bfc062723c751e8b465ee728b)  -> (artifact id: 'f999a427e685deb51871cc4372ded9a7') in 0.005554 seconds
  Import took 0.007543 seconds .

========================================================================
Received Import Request.
  Time since last request: 5.392969 seconds.
  path: Assets/HUD
  artifactKey: Guid(1ea0627a84d09d1469c9e97567cc9041) Importer(815301076,1909f56bfc062723c751e8b465ee728b)
Start importing Assets/HUD using Guid(1ea0627a84d09d1469c9e97567cc9041) Importer(815301076,1909f56bfc062723c751e8b465ee728b)  -> (artifact id: '25870a21dc68613458db2ec2a83d0757') in 0.006236 seconds
  Import took 0.008232 seconds .

