Using pre-set license
Built from '2020.3/staging' branch; Version is '2020.3.6f1 (338bb68529b2) revision 3378102'; Using compiler version '192528614'; Build Type 'Release'
OS: 'Windows 10 Pro; OS build 19042.867; Version 2009; 64bit' Language: 'es' Physical Memory: 16310 MB
BatchMode: 1, IsHumanControllingUs: 0, StartBugReporterOnCrash: 0, Is64bit: 1, IsPro: 0

 COMMAND LINE ARGUMENTS:
C:\Program Files\Unity\Hub\Editor\2020.3.6f1\Editor\Unity.exe
-adb2
-batchMode
-noUpm
-name
AssetImportWorker3
-projectPath
C:/GitHub/Project-Ninja/Project Ninja Source
-logFile
Logs/AssetImportWorker3.log
-srvPort
59727
Successfully changed project path to: C:/GitHub/Project-Ninja/Project Ninja Source
C:/GitHub/Project-Ninja/Project Ninja Source
Using Asset Import Pipeline V2.
Refreshing native plugins compatible for Editor in 324.59 ms, found 27 plugins.
Preloading 0 native plugins for Editor in 0.00 ms.
Initialize engine version: 2020.3.6f1 (338bb68529b2)
[Subsystems] Discovering subsystems at path C:/Program Files/Unity/Hub/Editor/2020.3.6f1/Editor/Data/Resources/UnitySubsystems
[Subsystems] Discovering subsystems at path C:/GitHub/Project-Ninja/Project Ninja Source/Assets
GfxDevice: creating device client; threaded=0
Direct3D:
    Version:  Direct3D 11.0 [level 11.1]
    Renderer: Radeon RX 580 Series (ID=0x67df)
    Vendor:   
    VRAM:     8172 MB
    Driver:   26.20.13002.133
Initialize mono
Mono path[0] = 'C:/Program Files/Unity/Hub/Editor/2020.3.6f1/Editor/Data/Managed'
Mono path[1] = 'C:/Program Files/Unity/Hub/Editor/2020.3.6f1/Editor/Data/MonoBleedingEdge/lib/mono/unityjit'
Mono config path = 'C:/Program Files/Unity/Hub/Editor/2020.3.6f1/Editor/Data/MonoBleedingEdge/etc'
Using monoOptions --debugger-agent=transport=dt_socket,embedding=1,server=y,suspend=n,address=127.0.0.1:56340
Begin MonoManager ReloadAssembly
Registering precompiled unity dll's ...
Register platform support module: C:/Program Files/Unity/Hub/Editor/2020.3.6f1/Editor/Data/PlaybackEngines/WindowsStandaloneSupport/UnityEditor.WindowsStandalone.Extensions.dll
Registered in 0.002139 seconds.
Native extension for WindowsStandalone target not found
Refreshing native plugins compatible for Editor in 295.95 ms, found 27 plugins.
Preloading 0 native plugins for Editor in 0.00 ms.
Mono: successfully reloaded assembly
- Completed reload, in  1.995 seconds
Platform modules already initialized, skipping
Registering precompiled user dll's ...
Registered in 0.016563 seconds.
Begin MonoManager ReloadAssembly
Native extension for WindowsStandalone target not found
Refreshing native plugins compatible for Editor in 308.87 ms, found 27 plugins.
Preloading 0 native plugins for Editor in 0.00 ms.
Mono: successfully reloaded assembly
- Completed reload, in  3.410 seconds
Platform modules already initialized, skipping
========================================================================
Worker process is ready to serve import requests
Launched and connected shader compiler UnityShaderCompiler.exe after 0.05 seconds
Refreshing native plugins compatible for Editor in 3.13 ms, found 27 plugins.
Preloading 0 native plugins for Editor in 0.00 ms.
Unloading 7494 Unused Serialized files (Serialized files now loaded: 0)
System memory in use before: 418.3 MB.
System memory in use after: 418.5 MB.

Unloading 160 unused Assets to reduce memory usage. Loaded Objects now: 7878.
Total: 18.275400 ms (FindLiveObjects: 1.102300 ms CreateObjectMapping: 0.249400 ms MarkObjects: 16.598800 ms  DeleteObjects: 0.322800 ms)

========================================================================
Received Import Request.
  path: Assets/Plugins/RainbowAssets
  artifactKey: Guid(2d179837d2a8d734fb2f73b344de6e74) Importer(815301076,1909f56bfc062723c751e8b465ee728b)
Start importing Assets/Plugins/RainbowAssets using Guid(2d179837d2a8d734fb2f73b344de6e74) Importer(815301076,1909f56bfc062723c751e8b465ee728b)  -> (artifact id: '02ff30b6c808ffeb05957c715c073e79') in 0.019217 seconds
  Import took 0.032223 seconds .

========================================================================
Received Import Request.
  Time since last request: 219.007118 seconds.
  path: Assets/Plugins/RainbowAssets/RainbowHierarchy/QuickStart.pdf
  artifactKey: Guid(10bd101648f62f34c97e8133a89f045c) Importer(815301076,1909f56bfc062723c751e8b465ee728b)
Start importing Assets/Plugins/RainbowAssets/RainbowHierarchy/QuickStart.pdf using Guid(10bd101648f62f34c97e8133a89f045c) Importer(815301076,1909f56bfc062723c751e8b465ee728b)  -> (artifact id: '853a481abfd01f9052150403a2e0734e') in 0.033006 seconds
  Import took 0.046679 seconds .

========================================================================
Received Prepare
Registering precompiled user dll's ...
Registered in 0.022487 seconds.
Begin MonoManager ReloadAssembly
Native extension for WindowsStandalone target not found
Refreshing native plugins compatible for Editor in 3.27 ms, found 27 plugins.
Preloading 0 native plugins for Editor in 0.00 ms.
Mono: successfully reloaded assembly
- Completed reload, in  2.974 seconds
Platform modules already initialized, skipping
Switching build target platform(5) subTarget(0) extendedPlatform(0) -> platform(13) subTarget(589824) extendedPlatform(0)
Refreshing native plugins compatible for Editor in 4.65 ms, found 27 plugins.
Preloading 0 native plugins for Editor in 0.00 ms.
Unloading 7076 Unused Serialized files (Serialized files now loaded: 0)
System memory in use before: 403.3 MB.
System memory in use after: 403.5 MB.

Unloading 136 unused Assets to reduce memory usage. Loaded Objects now: 7885.
Total: 25.172100 ms (FindLiveObjects: 1.125000 ms CreateObjectMapping: 0.248600 ms MarkObjects: 23.458500 ms  DeleteObjects: 0.338600 ms)

AssetImportParameters requested are different than current active one (requested -> active):
  custom:graphics/normal-map-encoding: 01000000000000000000000000000000 -> 02000000000000000000000000000000
========================================================================
Received Prepare
Registering precompiled user dll's ...
Registered in 0.019827 seconds.
Begin MonoManager ReloadAssembly
Native extension for WindowsStandalone target not found
Refreshing native plugins compatible for Editor in 3.62 ms, found 27 plugins.
Preloading 0 native plugins for Editor in 0.00 ms.
Mono: successfully reloaded assembly
- Completed reload, in  2.315 seconds
Platform modules already initialized, skipping
Switching build target platform(5) subTarget(0) extendedPlatform(0) -> platform(13) subTarget(589824) extendedPlatform(0)
Refreshing native plugins compatible for Editor in 3.64 ms, found 27 plugins.
Preloading 0 native plugins for Editor in 0.00 ms.
Unloading 7095 Unused Serialized files (Serialized files now loaded: 0)
System memory in use before: 403.8 MB.
System memory in use after: 404.1 MB.

Unloading 137 unused Assets to reduce memory usage. Loaded Objects now: 7907.
Total: 16.997400 ms (FindLiveObjects: 0.844600 ms CreateObjectMapping: 0.215100 ms MarkObjects: 15.526300 ms  DeleteObjects: 0.409500 ms)

AssetImportParameters requested are different than current active one (requested -> active):
  custom:graphics/normal-map-encoding: 01000000000000000000000000000000 -> 02000000000000000000000000000000
========================================================================
Received Import Request.
  Time since last request: 160.221778 seconds.
  path: Assets/Ludiq
  artifactKey: Guid(ac4a1edfaf5d523478e72c90b95f8bc4) Importer(815301076,1909f56bfc062723c751e8b465ee728b)
Start importing Assets/Ludiq using Guid(ac4a1edfaf5d523478e72c90b95f8bc4) Importer(815301076,1909f56bfc062723c751e8b465ee728b)  -> (artifact id: 'a2a565c6fd1ed2753754d22936c8d4bf') in 0.013189 seconds
  Import took 0.030123 seconds .

========================================================================
Received Import Request.
  Time since last request: 0.190681 seconds.
  path: Assets/Ludiq
  artifactKey: Guid(ac4a1edfaf5d523478e72c90b95f8bc4) Importer(815301076,1909f56bfc062723c751e8b465ee728b)
Start importing Assets/Ludiq using Guid(ac4a1edfaf5d523478e72c90b95f8bc4) Importer(815301076,1909f56bfc062723c751e8b465ee728b)  -> (artifact id: 'a2a565c6fd1ed2753754d22936c8d4bf') in 0.003030 seconds
  Import took 0.017377 seconds .

========================================================================
Received Prepare
Registering precompiled user dll's ...
Registered in 0.023011 seconds.
Begin MonoManager ReloadAssembly
Native extension for WindowsStandalone target not found
Refreshing native plugins compatible for Editor in 3.37 ms, found 27 plugins.
Preloading 0 native plugins for Editor in 0.00 ms.
Plugin 'Ludiq.PeekCore' has generated assets in a special Unity folder that makes it compile first.
This might cause issues with generated assets. Path:
C:\GitHub\Project-Ninja\Project Ninja Source\Assets\Plugins\Ludiq.Generated
UnityEngine.StackTraceUtility:ExtractStackTrace ()
UnityEngine.DebugLogHandler:LogFormat (UnityEngine.LogType,UnityEngine.Object,string,object[])
UnityEngine.Logger:Log (UnityEngine.LogType,object)
UnityEngine.Debug:LogWarning (object)
Ludiq.PeekCore.PluginPaths:get_generatedRoot () (at Assets/Plugins/Ludiq/Ludiq.PeekCore/Editor/Plugins/PluginPaths.cs:51)
Ludiq.PeekCore.PluginPaths:get_persistentGenerated () (at Assets/Plugins/Ludiq/Ludiq.PeekCore/Editor/Plugins/PluginPaths.cs:67)
Ludiq.PeekCore.PluginPaths:get_projectSettings () (at Assets/Plugins/Ludiq/Ludiq.PeekCore/Editor/Plugins/PluginPaths.cs:65)
Ludiq.PeekCore.PluginConfiguration:get_projectSettingsStoragePath () (at Assets/Plugins/Ludiq/Ludiq.PeekCore/Editor/Plugins/PluginConfiguration.cs:281)
Ludiq.PeekCore.PluginConfiguration:LoadProjectSettings () (at Assets/Plugins/Ludiq/Ludiq.PeekCore/Editor/Plugins/PluginConfiguration.cs:287)
Ludiq.PeekCore.PluginConfiguration:Load () (at Assets/Plugins/Ludiq/Ludiq.PeekCore/Editor/Plugins/PluginConfiguration.cs:47)
Ludiq.PeekCore.PluginConfiguration:Initialize () (at Assets/Plugins/Ludiq/Ludiq.PeekCore/Editor/Plugins/PluginConfiguration.cs:26)
Ludiq.PeekCore.PluginContainer:Initialize () (at Assets/Plugins/Ludiq/Ludiq.PeekCore/Editor/Plugins/PluginContainer.cs:233)
Ludiq.PeekCore.PluginContainer:.cctor () (at Assets/Plugins/Ludiq/Ludiq.PeekCore/Editor/Plugins/PluginContainer.cs:21)
System.Runtime.CompilerServices.RuntimeHelpers:RunClassConstructor (System.RuntimeTypeHandle)
UnityEditor.EditorAssemblies:ProcessInitializeOnLoadAttributes (System.Type[])

(Filename: Assets/Plugins/Ludiq/Ludiq.PeekCore/Editor/Plugins/PluginPaths.cs Line: 51)

Loading Ludiq.PeekCore.DictionaryAsset failed:
Assets\Plugins\Ludiq.Generated\Persistent\ProjectSettings\Ludiq.PeekCore.ProjectSettings.asset
UnityEngine.StackTraceUtility:ExtractStackTrace ()
UnityEngine.DebugLogHandler:LogFormat (UnityEngine.LogType,UnityEngine.Object,string,object[])
UnityEngine.Logger:Log (UnityEngine.LogType,object)
UnityEngine.Debug:LogWarning (object)
Ludiq.PeekCore.AssetUtility:TryLoad<Ludiq.PeekCore.DictionaryAsset> (string,Ludiq.PeekCore.DictionaryAsset&) (at Assets/Plugins/Ludiq/Ludiq.PeekCore/Editor/Utilities/AssetUtility.cs:76)
Ludiq.PeekCore.PluginConfiguration:LoadProjectSettings () (at Assets/Plugins/Ludiq/Ludiq.PeekCore/Editor/Plugins/PluginConfiguration.cs:287)
Ludiq.PeekCore.PluginConfiguration:Load () (at Assets/Plugins/Ludiq/Ludiq.PeekCore/Editor/Plugins/PluginConfiguration.cs:47)
Ludiq.PeekCore.PluginConfiguration:Initialize () (at Assets/Plugins/Ludiq/Ludiq.PeekCore/Editor/Plugins/PluginConfiguration.cs:26)
Ludiq.PeekCore.PluginContainer:Initialize () (at Assets/Plugins/Ludiq/Ludiq.PeekCore/Editor/Plugins/PluginContainer.cs:233)
Ludiq.PeekCore.PluginContainer:.cctor () (at Assets/Plugins/Ludiq/Ludiq.PeekCore/Editor/Plugins/PluginContainer.cs:21)
System.Runtime.CompilerServices.RuntimeHelpers:RunClassConstructor (System.RuntimeTypeHandle)
UnityEditor.EditorAssemblies:ProcessInitializeOnLoadAttributes (System.Type[])

(Filename: Assets/Plugins/Ludiq/Ludiq.PeekCore/Editor/Utilities/AssetUtility.cs Line: 76)

Loading Ludiq.PeekCore.DictionaryAsset failed:
Assets\Plugins\Ludiq.Generated\Persistent\ProjectSettings\Ludiq.Peek.ProjectSettings.asset
UnityEngine.StackTraceUtility:ExtractStackTrace ()
UnityEngine.DebugLogHandler:LogFormat (UnityEngine.LogType,UnityEngine.Object,string,object[])
UnityEngine.Logger:Log (UnityEngine.LogType,object)
UnityEngine.Debug:LogWarning (object)
Ludiq.PeekCore.AssetUtility:TryLoad<Ludiq.PeekCore.DictionaryAsset> (string,Ludiq.PeekCore.DictionaryAsset&) (at Assets/Plugins/Ludiq/Ludiq.PeekCore/Editor/Utilities/AssetUtility.cs:76)
Ludiq.PeekCore.PluginConfiguration:LoadProjectSettings () (at Assets/Plugins/Ludiq/Ludiq.PeekCore/Editor/Plugins/PluginConfiguration.cs:287)
Ludiq.PeekCore.PluginConfiguration:Load () (at Assets/Plugins/Ludiq/Ludiq.PeekCore/Editor/Plugins/PluginConfiguration.cs:47)
Ludiq.PeekCore.PluginConfiguration:Initialize () (at Assets/Plugins/Ludiq/Ludiq.PeekCore/Editor/Plugins/PluginConfiguration.cs:26)
Ludiq.PeekCore.PluginContainer:Initialize () (at Assets/Plugins/Ludiq/Ludiq.PeekCore/Editor/Plugins/PluginContainer.cs:233)
Ludiq.PeekCore.PluginContainer:.cctor () (at Assets/Plugins/Ludiq/Ludiq.PeekCore/Editor/Plugins/PluginContainer.cs:21)
System.Runtime.CompilerServices.RuntimeHelpers:RunClassConstructor (System.RuntimeTypeHandle)
UnityEditor.EditorAssemblies:ProcessInitializeOnLoadAttributes (System.Type[])

(Filename: Assets/Plugins/Ludiq/Ludiq.PeekCore/Editor/Utilities/AssetUtility.cs Line: 76)

Mono: successfully reloaded assembly
- Completed reload, in  4.402 seconds
Platform modules already initialized, skipping
Switching build target platform(5) subTarget(0) extendedPlatform(0) -> platform(13) subTarget(589824) extendedPlatform(0)
Refreshing native plugins compatible for Editor in 3.36 ms, found 27 plugins.
Preloading 0 native plugins for Editor in 0.00 ms.
Unloading 7095 Unused Serialized files (Serialized files now loaded: 0)
System memory in use before: 403.8 MB.
System memory in use after: 404.0 MB.

Unloading 139 unused Assets to reduce memory usage. Loaded Objects now: 7911.
Total: 17.430400 ms (FindLiveObjects: 1.515200 ms CreateObjectMapping: 0.488800 ms MarkObjects: 15.147300 ms  DeleteObjects: 0.277100 ms)

AssetImportParameters requested are different than current active one (requested -> active):
  custom:graphics/normal-map-encoding: 01000000000000000000000000000000 -> 02000000000000000000000000000000
========================================================================
Received Import Request.
  Time since last request: 48.354957 seconds.
  path: Assets/Productivity Toolkit
  artifactKey: Guid(b3ffbfda4f3b9934eb3a731058119c41) Importer(815301076,1909f56bfc062723c751e8b465ee728b)
Start importing Assets/Productivity Toolkit using Guid(b3ffbfda4f3b9934eb3a731058119c41) Importer(815301076,1909f56bfc062723c751e8b465ee728b)  -> (artifact id: '6c34f7d983ccc250fafffef3b3d1d664') in 0.015236 seconds
  Import took 0.031939 seconds .

========================================================================
Received Prepare
Registering precompiled user dll's ...
Registered in 0.061843 seconds.
Begin MonoManager ReloadAssembly
Native extension for WindowsStandalone target not found
Refreshing native plugins compatible for Editor in 5.52 ms, found 27 plugins.
Preloading 0 native plugins for Editor in 0.00 ms.
Plugin 'Ludiq.PeekCore' has generated assets in a special Unity folder that makes it compile first.
This might cause issues with generated assets. Path:
C:\GitHub\Project-Ninja\Project Ninja Source\Assets\Plugins\Ludiq.Generated
UnityEngine.StackTraceUtility:ExtractStackTrace ()
UnityEngine.DebugLogHandler:LogFormat (UnityEngine.LogType,UnityEngine.Object,string,object[])
UnityEngine.Logger:Log (UnityEngine.LogType,object)
UnityEngine.Debug:LogWarning (object)
Ludiq.PeekCore.PluginPaths:get_generatedRoot () (at Assets/Plugins/Ludiq/Ludiq.PeekCore/Editor/Plugins/PluginPaths.cs:51)
Ludiq.PeekCore.PluginPaths:get_persistentGenerated () (at Assets/Plugins/Ludiq/Ludiq.PeekCore/Editor/Plugins/PluginPaths.cs:67)
Ludiq.PeekCore.PluginPaths:get_projectSettings () (at Assets/Plugins/Ludiq/Ludiq.PeekCore/Editor/Plugins/PluginPaths.cs:65)
Ludiq.PeekCore.PluginConfiguration:get_projectSettingsStoragePath () (at Assets/Plugins/Ludiq/Ludiq.PeekCore/Editor/Plugins/PluginConfiguration.cs:281)
Ludiq.PeekCore.PluginConfiguration:LoadProjectSettings () (at Assets/Plugins/Ludiq/Ludiq.PeekCore/Editor/Plugins/PluginConfiguration.cs:287)
Ludiq.PeekCore.PluginConfiguration:Load () (at Assets/Plugins/Ludiq/Ludiq.PeekCore/Editor/Plugins/PluginConfiguration.cs:47)
Ludiq.PeekCore.PluginConfiguration:Initialize () (at Assets/Plugins/Ludiq/Ludiq.PeekCore/Editor/Plugins/PluginConfiguration.cs:26)
Ludiq.PeekCore.PluginContainer:Initialize () (at Assets/Plugins/Ludiq/Ludiq.PeekCore/Editor/Plugins/PluginContainer.cs:233)
Ludiq.PeekCore.PluginContainer:.cctor () (at Assets/Plugins/Ludiq/Ludiq.PeekCore/Editor/Plugins/PluginContainer.cs:21)
System.Runtime.CompilerServices.RuntimeHelpers:RunClassConstructor (System.RuntimeTypeHandle)
UnityEditor.EditorAssemblies:ProcessInitializeOnLoadAttributes (System.Type[])

(Filename: Assets/Plugins/Ludiq/Ludiq.PeekCore/Editor/Plugins/PluginPaths.cs Line: 51)

Loading Ludiq.PeekCore.DictionaryAsset failed:
Assets\Plugins\Ludiq.Generated\Persistent\ProjectSettings\Ludiq.PeekCore.ProjectSettings.asset
UnityEngine.StackTraceUtility:ExtractStackTrace ()
UnityEngine.DebugLogHandler:LogFormat (UnityEngine.LogType,UnityEngine.Object,string,object[])
UnityEngine.Logger:Log (UnityEngine.LogType,object)
UnityEngine.Debug:LogWarning (object)
Ludiq.PeekCore.AssetUtility:TryLoad<Ludiq.PeekCore.DictionaryAsset> (string,Ludiq.PeekCore.DictionaryAsset&) (at Assets/Plugins/Ludiq/Ludiq.PeekCore/Editor/Utilities/AssetUtility.cs:76)
Ludiq.PeekCore.PluginConfiguration:LoadProjectSettings () (at Assets/Plugins/Ludiq/Ludiq.PeekCore/Editor/Plugins/PluginConfiguration.cs:287)
Ludiq.PeekCore.PluginConfiguration:Load () (at Assets/Plugins/Ludiq/Ludiq.PeekCore/Editor/Plugins/PluginConfiguration.cs:47)
Ludiq.PeekCore.PluginConfiguration:Initialize () (at Assets/Plugins/Ludiq/Ludiq.PeekCore/Editor/Plugins/PluginConfiguration.cs:26)
Ludiq.PeekCore.PluginContainer:Initialize () (at Assets/Plugins/Ludiq/Ludiq.PeekCore/Editor/Plugins/PluginContainer.cs:233)
Ludiq.PeekCore.PluginContainer:.cctor () (at Assets/Plugins/Ludiq/Ludiq.PeekCore/Editor/Plugins/PluginContainer.cs:21)
System.Runtime.CompilerServices.RuntimeHelpers:RunClassConstructor (System.RuntimeTypeHandle)
UnityEditor.EditorAssemblies:ProcessInitializeOnLoadAttributes (System.Type[])

(Filename: Assets/Plugins/Ludiq/Ludiq.PeekCore/Editor/Utilities/AssetUtility.cs Line: 76)

Loading Ludiq.PeekCore.DictionaryAsset failed:
Assets\Plugins\Ludiq.Generated\Persistent\ProjectSettings\Ludiq.Peek.ProjectSettings.asset
UnityEngine.StackTraceUtility:ExtractStackTrace ()
UnityEngine.DebugLogHandler:LogFormat (UnityEngine.LogType,UnityEngine.Object,string,object[])
UnityEngine.Logger:Log (UnityEngine.LogType,object)
UnityEngine.Debug:LogWarning (object)
Ludiq.PeekCore.AssetUtility:TryLoad<Ludiq.PeekCore.DictionaryAsset> (string,Ludiq.PeekCore.DictionaryAsset&) (at Assets/Plugins/Ludiq/Ludiq.PeekCore/Editor/Utilities/AssetUtility.cs:76)
Ludiq.PeekCore.PluginConfiguration:LoadProjectSettings () (at Assets/Plugins/Ludiq/Ludiq.PeekCore/Editor/Plugins/PluginConfiguration.cs:287)
Ludiq.PeekCore.PluginConfiguration:Load () (at Assets/Plugins/Ludiq/Ludiq.PeekCore/Editor/Plugins/PluginConfiguration.cs:47)
Ludiq.PeekCore.PluginConfiguration:Initialize () (at Assets/Plugins/Ludiq/Ludiq.PeekCore/Editor/Plugins/PluginConfiguration.cs:26)
Ludiq.PeekCore.PluginContainer:Initialize () (at Assets/Plugins/Ludiq/Ludiq.PeekCore/Editor/Plugins/PluginContainer.cs:233)
Ludiq.PeekCore.PluginContainer:.cctor () (at Assets/Plugins/Ludiq/Ludiq.PeekCore/Editor/Plugins/PluginContainer.cs:21)
System.Runtime.CompilerServices.RuntimeHelpers:RunClassConstructor (System.RuntimeTypeHandle)
UnityEditor.EditorAssemblies:ProcessInitializeOnLoadAttributes (System.Type[])

(Filename: Assets/Plugins/Ludiq/Ludiq.PeekCore/Editor/Utilities/AssetUtility.cs Line: 76)

Mono: successfully reloaded assembly
- Completed reload, in  4.555 seconds
Platform modules already initialized, skipping
Switching build target platform(5) subTarget(0) extendedPlatform(0) -> platform(13) subTarget(589824) extendedPlatform(0)
Refreshing native plugins compatible for Editor in 3.24 ms, found 27 plugins.
Preloading 0 native plugins for Editor in 0.00 ms.
Unloading 7097 Unused Serialized files (Serialized files now loaded: 0)
System memory in use before: 404.1 MB.
System memory in use after: 404.3 MB.

Unloading 139 unused Assets to reduce memory usage. Loaded Objects now: 7917.
Total: 16.025500 ms (FindLiveObjects: 1.061900 ms CreateObjectMapping: 0.187100 ms MarkObjects: 14.483800 ms  DeleteObjects: 0.290900 ms)

AssetImportParameters requested are different than current active one (requested -> active):
  custom:graphics/normal-map-encoding: 01000000000000000000000000000000 -> 02000000000000000000000000000000
========================================================================
Received Import Request.
  Time since last request: 27.086954 seconds.
  path: Assets/Plugins/QuickOutline
  artifactKey: Guid(97236b8e731df884b8a62b7a17b2a770) Importer(815301076,1909f56bfc062723c751e8b465ee728b)
Start importing Assets/Plugins/QuickOutline using Guid(97236b8e731df884b8a62b7a17b2a770) Importer(815301076,1909f56bfc062723c751e8b465ee728b)  -> (artifact id: '32eb59c68f8143ce658915407425a1d6') in 0.019289 seconds
  Import took 0.040679 seconds .

========================================================================
Received Import Request.
  Time since last request: 8.338080 seconds.
  path: Assets/swipePackage
  artifactKey: Guid(7aca3a9349551c5419fecebdeda0fd0a) Importer(815301076,1909f56bfc062723c751e8b465ee728b)
Start importing Assets/swipePackage using Guid(7aca3a9349551c5419fecebdeda0fd0a) Importer(815301076,1909f56bfc062723c751e8b465ee728b)  -> (artifact id: '396d84187ddb212c5da815c4e6ddd949') in 0.006627 seconds
  Import took 0.026169 seconds .

========================================================================
Received Import Request.
  Time since last request: 23.479203 seconds.
  path: Assets/SceneSaveAdvanced
  artifactKey: Guid(e09113c9376ebe74f8c4555528bae59e) Importer(815301076,1909f56bfc062723c751e8b465ee728b)
Start importing Assets/SceneSaveAdvanced using Guid(e09113c9376ebe74f8c4555528bae59e) Importer(815301076,1909f56bfc062723c751e8b465ee728b)  -> (artifact id: '296336d3fb699a4d610ac9b7c7601040') in 0.007749 seconds
  Import took 0.021212 seconds .

========================================================================
Received Import Request.
  Time since last request: 111.895624 seconds.
  path: Assets/Plugins/CCGKit/Demo
  artifactKey: Guid(5a212b22eb32ce74795749e1488688a2) Importer(815301076,1909f56bfc062723c751e8b465ee728b)
Start importing Assets/Plugins/CCGKit/Demo using Guid(5a212b22eb32ce74795749e1488688a2) Importer(815301076,1909f56bfc062723c751e8b465ee728b)  -> (artifact id: '142cabff9c073a5b42f4573ce504357e') in 0.014863 seconds
  Import took 0.035443 seconds .

========================================================================
Received Import Request.
  Time since last request: 11.187212 seconds.
  path: Assets/Plugins/QuickOutline/Resources
  artifactKey: Guid(70fd40674751a8042a8b9b2e8d9f915f) Importer(815301076,1909f56bfc062723c751e8b465ee728b)
Start importing Assets/Plugins/QuickOutline/Resources using Guid(70fd40674751a8042a8b9b2e8d9f915f) Importer(815301076,1909f56bfc062723c751e8b465ee728b)  -> (artifact id: '404370f6a51ac286911b2355c4123aac') in 0.007660 seconds
  Import took 0.019526 seconds .

========================================================================
Received Import Request.
  Time since last request: 6.835706 seconds.
  path: Assets/Plugins/QuickOutline/Scripts/Outline.cs
  artifactKey: Guid(5fea29bb7c508c244a1f805a5fd3fc4d) Importer(815301076,1909f56bfc062723c751e8b465ee728b)
Start importing Assets/Plugins/QuickOutline/Scripts/Outline.cs using Guid(5fea29bb7c508c244a1f805a5fd3fc4d) Importer(815301076,1909f56bfc062723c751e8b465ee728b)  -> (artifact id: 'c3db9360f93d03beb9cdb9f0a40c035c') in 0.021842 seconds
  Import took 0.037174 seconds .

========================================================================
Received Prepare
Registering precompiled user dll's ...
Registered in 0.023540 seconds.
Begin MonoManager ReloadAssembly
Native extension for WindowsStandalone target not found
Refreshing native plugins compatible for Editor in 4.78 ms, found 27 plugins.
Preloading 0 native plugins for Editor in 0.00 ms.
Plugin 'Ludiq.PeekCore' has generated assets in a special Unity folder that makes it compile first.
This might cause issues with generated assets. Path:
C:\GitHub\Project-Ninja\Project Ninja Source\Assets\Plugins\Ludiq.Generated
UnityEngine.StackTraceUtility:ExtractStackTrace ()
UnityEngine.DebugLogHandler:LogFormat (UnityEngine.LogType,UnityEngine.Object,string,object[])
UnityEngine.Logger:Log (UnityEngine.LogType,object)
UnityEngine.Debug:LogWarning (object)
Ludiq.PeekCore.PluginPaths:get_generatedRoot () (at Assets/Plugins/Ludiq/Ludiq.PeekCore/Editor/Plugins/PluginPaths.cs:51)
Ludiq.PeekCore.PluginPaths:get_persistentGenerated () (at Assets/Plugins/Ludiq/Ludiq.PeekCore/Editor/Plugins/PluginPaths.cs:67)
Ludiq.PeekCore.PluginPaths:get_projectSettings () (at Assets/Plugins/Ludiq/Ludiq.PeekCore/Editor/Plugins/PluginPaths.cs:65)
Ludiq.PeekCore.PluginConfiguration:get_projectSettingsStoragePath () (at Assets/Plugins/Ludiq/Ludiq.PeekCore/Editor/Plugins/PluginConfiguration.cs:281)
Ludiq.PeekCore.PluginConfiguration:LoadProjectSettings () (at Assets/Plugins/Ludiq/Ludiq.PeekCore/Editor/Plugins/PluginConfiguration.cs:287)
Ludiq.PeekCore.PluginConfiguration:Load () (at Assets/Plugins/Ludiq/Ludiq.PeekCore/Editor/Plugins/PluginConfiguration.cs:47)
Ludiq.PeekCore.PluginConfiguration:Initialize () (at Assets/Plugins/Ludiq/Ludiq.PeekCore/Editor/Plugins/PluginConfiguration.cs:26)
Ludiq.PeekCore.PluginContainer:Initialize () (at Assets/Plugins/Ludiq/Ludiq.PeekCore/Editor/Plugins/PluginContainer.cs:233)
Ludiq.PeekCore.PluginContainer:.cctor () (at Assets/Plugins/Ludiq/Ludiq.PeekCore/Editor/Plugins/PluginContainer.cs:21)
System.Runtime.CompilerServices.RuntimeHelpers:RunClassConstructor (System.RuntimeTypeHandle)
UnityEditor.EditorAssemblies:ProcessInitializeOnLoadAttributes (System.Type[])

(Filename: Assets/Plugins/Ludiq/Ludiq.PeekCore/Editor/Plugins/PluginPaths.cs Line: 51)

Loading Ludiq.PeekCore.DictionaryAsset failed:
Assets\Plugins\Ludiq.Generated\Persistent\ProjectSettings\Ludiq.PeekCore.ProjectSettings.asset
UnityEngine.StackTraceUtility:ExtractStackTrace ()
UnityEngine.DebugLogHandler:LogFormat (UnityEngine.LogType,UnityEngine.Object,string,object[])
UnityEngine.Logger:Log (UnityEngine.LogType,object)
UnityEngine.Debug:LogWarning (object)
Ludiq.PeekCore.AssetUtility:TryLoad<Ludiq.PeekCore.DictionaryAsset> (string,Ludiq.PeekCore.DictionaryAsset&) (at Assets/Plugins/Ludiq/Ludiq.PeekCore/Editor/Utilities/AssetUtility.cs:76)
Ludiq.PeekCore.PluginConfiguration:LoadProjectSettings () (at Assets/Plugins/Ludiq/Ludiq.PeekCore/Editor/Plugins/PluginConfiguration.cs:287)
Ludiq.PeekCore.PluginConfiguration:Load () (at Assets/Plugins/Ludiq/Ludiq.PeekCore/Editor/Plugins/PluginConfiguration.cs:47)
Ludiq.PeekCore.PluginConfiguration:Initialize () (at Assets/Plugins/Ludiq/Ludiq.PeekCore/Editor/Plugins/PluginConfiguration.cs:26)
Ludiq.PeekCore.PluginContainer:Initialize () (at Assets/Plugins/Ludiq/Ludiq.PeekCore/Editor/Plugins/PluginContainer.cs:233)
Ludiq.PeekCore.PluginContainer:.cctor () (at Assets/Plugins/Ludiq/Ludiq.PeekCore/Editor/Plugins/PluginContainer.cs:21)
System.Runtime.CompilerServices.RuntimeHelpers:RunClassConstructor (System.RuntimeTypeHandle)
UnityEditor.EditorAssemblies:ProcessInitializeOnLoadAttributes (System.Type[])

(Filename: Assets/Plugins/Ludiq/Ludiq.PeekCore/Editor/Utilities/AssetUtility.cs Line: 76)

Loading Ludiq.PeekCore.DictionaryAsset failed:
Assets\Plugins\Ludiq.Generated\Persistent\ProjectSettings\Ludiq.Peek.ProjectSettings.asset
UnityEngine.StackTraceUtility:ExtractStackTrace ()
UnityEngine.DebugLogHandler:LogFormat (UnityEngine.LogType,UnityEngine.Object,string,object[])
UnityEngine.Logger:Log (UnityEngine.LogType,object)
UnityEngine.Debug:LogWarning (object)
Ludiq.PeekCore.AssetUtility:TryLoad<Ludiq.PeekCore.DictionaryAsset> (string,Ludiq.PeekCore.DictionaryAsset&) (at Assets/Plugins/Ludiq/Ludiq.PeekCore/Editor/Utilities/AssetUtility.cs:76)
Ludiq.PeekCore.PluginConfiguration:LoadProjectSettings () (at Assets/Plugins/Ludiq/Ludiq.PeekCore/Editor/Plugins/PluginConfiguration.cs:287)
Ludiq.PeekCore.PluginConfiguration:Load () (at Assets/Plugins/Ludiq/Ludiq.PeekCore/Editor/Plugins/PluginConfiguration.cs:47)
Ludiq.PeekCore.PluginConfiguration:Initialize () (at Assets/Plugins/Ludiq/Ludiq.PeekCore/Editor/Plugins/PluginConfiguration.cs:26)
Ludiq.PeekCore.PluginContainer:Initialize () (at Assets/Plugins/Ludiq/Ludiq.PeekCore/Editor/Plugins/PluginContainer.cs:233)
Ludiq.PeekCore.PluginContainer:.cctor () (at Assets/Plugins/Ludiq/Ludiq.PeekCore/Editor/Plugins/PluginContainer.cs:21)
System.Runtime.CompilerServices.RuntimeHelpers:RunClassConstructor (System.RuntimeTypeHandle)
UnityEditor.EditorAssemblies:ProcessInitializeOnLoadAttributes (System.Type[])

(Filename: Assets/Plugins/Ludiq/Ludiq.PeekCore/Editor/Utilities/AssetUtility.cs Line: 76)

Mono: successfully reloaded assembly
- Completed reload, in  5.983 seconds
Platform modules already initialized, skipping
Switching build target platform(5) subTarget(0) extendedPlatform(0) -> platform(13) subTarget(589824) extendedPlatform(0)
Refreshing native plugins compatible for Editor in 4.47 ms, found 27 plugins.
Preloading 0 native plugins for Editor in 0.00 ms.
Unloading 7097 Unused Serialized files (Serialized files now loaded: 0)
System memory in use before: 404.1 MB.
System memory in use after: 404.4 MB.

Unloading 139 unused Assets to reduce memory usage. Loaded Objects now: 7923.
Total: 35.931000 ms (FindLiveObjects: 1.063700 ms CreateObjectMapping: 0.896900 ms MarkObjects: 33.618100 ms  DeleteObjects: 0.350900 ms)

AssetImportParameters requested are different than current active one (requested -> active):
  custom:graphics/normal-map-encoding: 01000000000000000000000000000000 -> 02000000000000000000000000000000
========================================================================
Received Import Request.
  Time since last request: 73.735214 seconds.
  path: Assets/Plugins/QuickOutline/Scripts/Outline.cs
  artifactKey: Guid(5fea29bb7c508c244a1f805a5fd3fc4d) Importer(815301076,1909f56bfc062723c751e8b465ee728b)
Start importing Assets/Plugins/QuickOutline/Scripts/Outline.cs using Guid(5fea29bb7c508c244a1f805a5fd3fc4d) Importer(815301076,1909f56bfc062723c751e8b465ee728b)  -> (artifact id: 'a2b55395838eaf842d1179b0bb2e8616') in 1.684700 seconds
  Import took 1.705436 seconds .

========================================================================
Received Import Request.
  Time since last request: 2.461905 seconds.
  path: Assets/Plugins/QuickOutline/Scripts/OutlineHelper.cs
  artifactKey: Guid(5fea29bb7c508c244a1f805a5fd3fc4d) Importer(815301076,1909f56bfc062723c751e8b465ee728b)
Start importing Assets/Plugins/QuickOutline/Scripts/OutlineHelper.cs using Guid(5fea29bb7c508c244a1f805a5fd3fc4d) Importer(815301076,1909f56bfc062723c751e8b465ee728b)  -> (artifact id: 'b5b51eb59158ad4348439c9fae842013') in 0.023643 seconds
  Import took 0.051701 seconds .

========================================================================
Received Prepare
Registering precompiled user dll's ...
Registered in 0.022736 seconds.
Begin MonoManager ReloadAssembly
Native extension for WindowsStandalone target not found
Refreshing native plugins compatible for Editor in 4.15 ms, found 27 plugins.
Preloading 0 native plugins for Editor in 0.00 ms.
Plugin 'Ludiq.PeekCore' has generated assets in a special Unity folder that makes it compile first.
This might cause issues with generated assets. Path:
C:\GitHub\Project-Ninja\Project Ninja Source\Assets\Plugins\Ludiq.Generated
UnityEngine.StackTraceUtility:ExtractStackTrace ()
UnityEngine.DebugLogHandler:LogFormat (UnityEngine.LogType,UnityEngine.Object,string,object[])
UnityEngine.Logger:Log (UnityEngine.LogType,object)
UnityEngine.Debug:LogWarning (object)
Ludiq.PeekCore.PluginPaths:get_generatedRoot () (at Assets/Plugins/Ludiq/Ludiq.PeekCore/Editor/Plugins/PluginPaths.cs:51)
Ludiq.PeekCore.PluginPaths:get_persistentGenerated () (at Assets/Plugins/Ludiq/Ludiq.PeekCore/Editor/Plugins/PluginPaths.cs:67)
Ludiq.PeekCore.PluginPaths:get_projectSettings () (at Assets/Plugins/Ludiq/Ludiq.PeekCore/Editor/Plugins/PluginPaths.cs:65)
Ludiq.PeekCore.PluginConfiguration:get_projectSettingsStoragePath () (at Assets/Plugins/Ludiq/Ludiq.PeekCore/Editor/Plugins/PluginConfiguration.cs:281)
Ludiq.PeekCore.PluginConfiguration:LoadProjectSettings () (at Assets/Plugins/Ludiq/Ludiq.PeekCore/Editor/Plugins/PluginConfiguration.cs:287)
Ludiq.PeekCore.PluginConfiguration:Load () (at Assets/Plugins/Ludiq/Ludiq.PeekCore/Editor/Plugins/PluginConfiguration.cs:47)
Ludiq.PeekCore.PluginConfiguration:Initialize () (at Assets/Plugins/Ludiq/Ludiq.PeekCore/Editor/Plugins/PluginConfiguration.cs:26)
Ludiq.PeekCore.PluginContainer:Initialize () (at Assets/Plugins/Ludiq/Ludiq.PeekCore/Editor/Plugins/PluginContainer.cs:233)
Ludiq.PeekCore.PluginContainer:.cctor () (at Assets/Plugins/Ludiq/Ludiq.PeekCore/Editor/Plugins/PluginContainer.cs:21)
System.Runtime.CompilerServices.RuntimeHelpers:RunClassConstructor (System.RuntimeTypeHandle)
UnityEditor.EditorAssemblies:ProcessInitializeOnLoadAttributes (System.Type[])

(Filename: Assets/Plugins/Ludiq/Ludiq.PeekCore/Editor/Plugins/PluginPaths.cs Line: 51)

Loading Ludiq.PeekCore.DictionaryAsset failed:
Assets\Plugins\Ludiq.Generated\Persistent\ProjectSettings\Ludiq.PeekCore.ProjectSettings.asset
UnityEngine.StackTraceUtility:ExtractStackTrace ()
UnityEngine.DebugLogHandler:LogFormat (UnityEngine.LogType,UnityEngine.Object,string,object[])
UnityEngine.Logger:Log (UnityEngine.LogType,object)
UnityEngine.Debug:LogWarning (object)
Ludiq.PeekCore.AssetUtility:TryLoad<Ludiq.PeekCore.DictionaryAsset> (string,Ludiq.PeekCore.DictionaryAsset&) (at Assets/Plugins/Ludiq/Ludiq.PeekCore/Editor/Utilities/AssetUtility.cs:76)
Ludiq.PeekCore.PluginConfiguration:LoadProjectSettings () (at Assets/Plugins/Ludiq/Ludiq.PeekCore/Editor/Plugins/PluginConfiguration.cs:287)
Ludiq.PeekCore.PluginConfiguration:Load () (at Assets/Plugins/Ludiq/Ludiq.PeekCore/Editor/Plugins/PluginConfiguration.cs:47)
Ludiq.PeekCore.PluginConfiguration:Initialize () (at Assets/Plugins/Ludiq/Ludiq.PeekCore/Editor/Plugins/PluginConfiguration.cs:26)
Ludiq.PeekCore.PluginContainer:Initialize () (at Assets/Plugins/Ludiq/Ludiq.PeekCore/Editor/Plugins/PluginContainer.cs:233)
Ludiq.PeekCore.PluginContainer:.cctor () (at Assets/Plugins/Ludiq/Ludiq.PeekCore/Editor/Plugins/PluginContainer.cs:21)
System.Runtime.CompilerServices.RuntimeHelpers:RunClassConstructor (System.RuntimeTypeHandle)
UnityEditor.EditorAssemblies:ProcessInitializeOnLoadAttributes (System.Type[])

(Filename: Assets/Plugins/Ludiq/Ludiq.PeekCore/Editor/Utilities/AssetUtility.cs Line: 76)

Loading Ludiq.PeekCore.DictionaryAsset failed:
Assets\Plugins\Ludiq.Generated\Persistent\ProjectSettings\Ludiq.Peek.ProjectSettings.asset
UnityEngine.StackTraceUtility:ExtractStackTrace ()
UnityEngine.DebugLogHandler:LogFormat (UnityEngine.LogType,UnityEngine.Object,string,object[])
UnityEngine.Logger:Log (UnityEngine.LogType,object)
UnityEngine.Debug:LogWarning (object)
Ludiq.PeekCore.AssetUtility:TryLoad<Ludiq.PeekCore.DictionaryAsset> (string,Ludiq.PeekCore.DictionaryAsset&) (at Assets/Plugins/Ludiq/Ludiq.PeekCore/Editor/Utilities/AssetUtility.cs:76)
Ludiq.PeekCore.PluginConfiguration:LoadProjectSettings () (at Assets/Plugins/Ludiq/Ludiq.PeekCore/Editor/Plugins/PluginConfiguration.cs:287)
Ludiq.PeekCore.PluginConfiguration:Load () (at Assets/Plugins/Ludiq/Ludiq.PeekCore/Editor/Plugins/PluginConfiguration.cs:47)
Ludiq.PeekCore.PluginConfiguration:Initialize () (at Assets/Plugins/Ludiq/Ludiq.PeekCore/Editor/Plugins/PluginConfiguration.cs:26)
Ludiq.PeekCore.PluginContainer:Initialize () (at Assets/Plugins/Ludiq/Ludiq.PeekCore/Editor/Plugins/PluginContainer.cs:233)
Ludiq.PeekCore.PluginContainer:.cctor () (at Assets/Plugins/Ludiq/Ludiq.PeekCore/Editor/Plugins/PluginContainer.cs:21)
System.Runtime.CompilerServices.RuntimeHelpers:RunClassConstructor (System.RuntimeTypeHandle)
UnityEditor.EditorAssemblies:ProcessInitializeOnLoadAttributes (System.Type[])

(Filename: Assets/Plugins/Ludiq/Ludiq.PeekCore/Editor/Utilities/AssetUtility.cs Line: 76)

Mono: successfully reloaded assembly
- Completed reload, in  3.539 seconds
Platform modules already initialized, skipping
Switching build target platform(5) subTarget(0) extendedPlatform(0) -> platform(13) subTarget(589824) extendedPlatform(0)
Refreshing native plugins compatible for Editor in 5.77 ms, found 27 plugins.
Preloading 0 native plugins for Editor in 0.00 ms.
Unloading 7097 Unused Serialized files (Serialized files now loaded: 0)
System memory in use before: 404.2 MB.
System memory in use after: 404.4 MB.

Unloading 139 unused Assets to reduce memory usage. Loaded Objects now: 7929.
Total: 23.126200 ms (FindLiveObjects: 1.392800 ms CreateObjectMapping: 0.308500 ms MarkObjects: 21.043300 ms  DeleteObjects: 0.379500 ms)

AssetImportParameters requested are different than current active one (requested -> active):
  custom:graphics/normal-map-encoding: 01000000000000000000000000000000 -> 02000000000000000000000000000000
========================================================================
Received Prepare
Registering precompiled user dll's ...
Registered in 0.024628 seconds.
Begin MonoManager ReloadAssembly
Native extension for WindowsStandalone target not found
Refreshing native plugins compatible for Editor in 3.26 ms, found 27 plugins.
Preloading 0 native plugins for Editor in 0.00 ms.
Plugin 'Ludiq.PeekCore' has generated assets in a special Unity folder that makes it compile first.
This might cause issues with generated assets. Path:
C:\GitHub\Project-Ninja\Project Ninja Source\Assets\Plugins\Ludiq.Generated
UnityEngine.StackTraceUtility:ExtractStackTrace ()
UnityEngine.DebugLogHandler:LogFormat (UnityEngine.LogType,UnityEngine.Object,string,object[])
UnityEngine.Logger:Log (UnityEngine.LogType,object)
UnityEngine.Debug:LogWarning (object)
Ludiq.PeekCore.PluginPaths:get_generatedRoot () (at Assets/Plugins/Ludiq/Ludiq.PeekCore/Editor/Plugins/PluginPaths.cs:51)
Ludiq.PeekCore.PluginPaths:get_persistentGenerated () (at Assets/Plugins/Ludiq/Ludiq.PeekCore/Editor/Plugins/PluginPaths.cs:67)
Ludiq.PeekCore.PluginPaths:get_projectSettings () (at Assets/Plugins/Ludiq/Ludiq.PeekCore/Editor/Plugins/PluginPaths.cs:65)
Ludiq.PeekCore.PluginConfiguration:get_projectSettingsStoragePath () (at Assets/Plugins/Ludiq/Ludiq.PeekCore/Editor/Plugins/PluginConfiguration.cs:281)
Ludiq.PeekCore.PluginConfiguration:LoadProjectSettings () (at Assets/Plugins/Ludiq/Ludiq.PeekCore/Editor/Plugins/PluginConfiguration.cs:287)
Ludiq.PeekCore.PluginConfiguration:Load () (at Assets/Plugins/Ludiq/Ludiq.PeekCore/Editor/Plugins/PluginConfiguration.cs:47)
Ludiq.PeekCore.PluginConfiguration:Initialize () (at Assets/Plugins/Ludiq/Ludiq.PeekCore/Editor/Plugins/PluginConfiguration.cs:26)
Ludiq.PeekCore.PluginContainer:Initialize () (at Assets/Plugins/Ludiq/Ludiq.PeekCore/Editor/Plugins/PluginContainer.cs:233)
Ludiq.PeekCore.PluginContainer:.cctor () (at Assets/Plugins/Ludiq/Ludiq.PeekCore/Editor/Plugins/PluginContainer.cs:21)
System.Runtime.CompilerServices.RuntimeHelpers:RunClassConstructor (System.RuntimeTypeHandle)
UnityEditor.EditorAssemblies:ProcessInitializeOnLoadAttributes (System.Type[])

(Filename: Assets/Plugins/Ludiq/Ludiq.PeekCore/Editor/Plugins/PluginPaths.cs Line: 51)

Loading Ludiq.PeekCore.DictionaryAsset failed:
Assets\Plugins\Ludiq.Generated\Persistent\ProjectSettings\Ludiq.PeekCore.ProjectSettings.asset
UnityEngine.StackTraceUtility:ExtractStackTrace ()
UnityEngine.DebugLogHandler:LogFormat (UnityEngine.LogType,UnityEngine.Object,string,object[])
UnityEngine.Logger:Log (UnityEngine.LogType,object)
UnityEngine.Debug:LogWarning (object)
Ludiq.PeekCore.AssetUtility:TryLoad<Ludiq.PeekCore.DictionaryAsset> (string,Ludiq.PeekCore.DictionaryAsset&) (at Assets/Plugins/Ludiq/Ludiq.PeekCore/Editor/Utilities/AssetUtility.cs:76)
Ludiq.PeekCore.PluginConfiguration:LoadProjectSettings () (at Assets/Plugins/Ludiq/Ludiq.PeekCore/Editor/Plugins/PluginConfiguration.cs:287)
Ludiq.PeekCore.PluginConfiguration:Load () (at Assets/Plugins/Ludiq/Ludiq.PeekCore/Editor/Plugins/PluginConfiguration.cs:47)
Ludiq.PeekCore.PluginConfiguration:Initialize () (at Assets/Plugins/Ludiq/Ludiq.PeekCore/Editor/Plugins/PluginConfiguration.cs:26)
Ludiq.PeekCore.PluginContainer:Initialize () (at Assets/Plugins/Ludiq/Ludiq.PeekCore/Editor/Plugins/PluginContainer.cs:233)
Ludiq.PeekCore.PluginContainer:.cctor () (at Assets/Plugins/Ludiq/Ludiq.PeekCore/Editor/Plugins/PluginContainer.cs:21)
System.Runtime.CompilerServices.RuntimeHelpers:RunClassConstructor (System.RuntimeTypeHandle)
UnityEditor.EditorAssemblies:ProcessInitializeOnLoadAttributes (System.Type[])

(Filename: Assets/Plugins/Ludiq/Ludiq.PeekCore/Editor/Utilities/AssetUtility.cs Line: 76)

Loading Ludiq.PeekCore.DictionaryAsset failed:
Assets\Plugins\Ludiq.Generated\Persistent\ProjectSettings\Ludiq.Peek.ProjectSettings.asset
UnityEngine.StackTraceUtility:ExtractStackTrace ()
UnityEngine.DebugLogHandler:LogFormat (UnityEngine.LogType,UnityEngine.Object,string,object[])
UnityEngine.Logger:Log (UnityEngine.LogType,object)
UnityEngine.Debug:LogWarning (object)
Ludiq.PeekCore.AssetUtility:TryLoad<Ludiq.PeekCore.DictionaryAsset> (string,Ludiq.PeekCore.DictionaryAsset&) (at Assets/Plugins/Ludiq/Ludiq.PeekCore/Editor/Utilities/AssetUtility.cs:76)
Ludiq.PeekCore.PluginConfiguration:LoadProjectSettings () (at Assets/Plugins/Ludiq/Ludiq.PeekCore/Editor/Plugins/PluginConfiguration.cs:287)
Ludiq.PeekCore.PluginConfiguration:Load () (at Assets/Plugins/Ludiq/Ludiq.PeekCore/Editor/Plugins/PluginConfiguration.cs:47)
Ludiq.PeekCore.PluginConfiguration:Initialize () (at Assets/Plugins/Ludiq/Ludiq.PeekCore/Editor/Plugins/PluginConfiguration.cs:26)
Ludiq.PeekCore.PluginContainer:Initialize () (at Assets/Plugins/Ludiq/Ludiq.PeekCore/Editor/Plugins/PluginContainer.cs:233)
Ludiq.PeekCore.PluginContainer:.cctor () (at Assets/Plugins/Ludiq/Ludiq.PeekCore/Editor/Plugins/PluginContainer.cs:21)
System.Runtime.CompilerServices.RuntimeHelpers:RunClassConstructor (System.RuntimeTypeHandle)
UnityEditor.EditorAssemblies:ProcessInitializeOnLoadAttributes (System.Type[])

(Filename: Assets/Plugins/Ludiq/Ludiq.PeekCore/Editor/Utilities/AssetUtility.cs Line: 76)

Mono: successfully reloaded assembly
- Completed reload, in  3.518 seconds
Platform modules already initialized, skipping
Switching build target platform(5) subTarget(0) extendedPlatform(0) -> platform(13) subTarget(589824) extendedPlatform(0)
Refreshing native plugins compatible for Editor in 3.89 ms, found 27 plugins.
Preloading 0 native plugins for Editor in 0.00 ms.
Unloading 7106 Unused Serialized files (Serialized files now loaded: 0)
System memory in use before: 404.4 MB.
System memory in use after: 404.7 MB.

Unloading 139 unused Assets to reduce memory usage. Loaded Objects now: 7944.
Total: 21.229100 ms (FindLiveObjects: 0.904100 ms CreateObjectMapping: 0.782900 ms MarkObjects: 19.146900 ms  DeleteObjects: 0.393400 ms)

AssetImportParameters requested are different than current active one (requested -> active):
  custom:graphics/normal-map-encoding: 01000000000000000000000000000000 -> 02000000000000000000000000000000
========================================================================
Received Prepare
Registering precompiled user dll's ...
Registered in 0.020625 seconds.
Begin MonoManager ReloadAssembly
Native extension for WindowsStandalone target not found
Refreshing native plugins compatible for Editor in 3.54 ms, found 27 plugins.
Preloading 0 native plugins for Editor in 0.00 ms.
Plugin 'Ludiq.PeekCore' has generated assets in a special Unity folder that makes it compile first.
This might cause issues with generated assets. Path:
C:\GitHub\Project-Ninja\Project Ninja Source\Assets\Plugins\Ludiq.Generated
UnityEngine.StackTraceUtility:ExtractStackTrace ()
UnityEngine.DebugLogHandler:LogFormat (UnityEngine.LogType,UnityEngine.Object,string,object[])
UnityEngine.Logger:Log (UnityEngine.LogType,object)
UnityEngine.Debug:LogWarning (object)
Ludiq.PeekCore.PluginPaths:get_generatedRoot () (at Assets/Plugins/Ludiq/Ludiq.PeekCore/Editor/Plugins/PluginPaths.cs:51)
Ludiq.PeekCore.PluginPaths:get_persistentGenerated () (at Assets/Plugins/Ludiq/Ludiq.PeekCore/Editor/Plugins/PluginPaths.cs:67)
Ludiq.PeekCore.PluginPaths:get_projectSettings () (at Assets/Plugins/Ludiq/Ludiq.PeekCore/Editor/Plugins/PluginPaths.cs:65)
Ludiq.PeekCore.PluginConfiguration:get_projectSettingsStoragePath () (at Assets/Plugins/Ludiq/Ludiq.PeekCore/Editor/Plugins/PluginConfiguration.cs:281)
Ludiq.PeekCore.PluginConfiguration:LoadProjectSettings () (at Assets/Plugins/Ludiq/Ludiq.PeekCore/Editor/Plugins/PluginConfiguration.cs:287)
Ludiq.PeekCore.PluginConfiguration:Load () (at Assets/Plugins/Ludiq/Ludiq.PeekCore/Editor/Plugins/PluginConfiguration.cs:47)
Ludiq.PeekCore.PluginConfiguration:Initialize () (at Assets/Plugins/Ludiq/Ludiq.PeekCore/Editor/Plugins/PluginConfiguration.cs:26)
Ludiq.PeekCore.PluginContainer:Initialize () (at Assets/Plugins/Ludiq/Ludiq.PeekCore/Editor/Plugins/PluginContainer.cs:233)
Ludiq.PeekCore.PluginContainer:.cctor () (at Assets/Plugins/Ludiq/Ludiq.PeekCore/Editor/Plugins/PluginContainer.cs:21)
System.Runtime.CompilerServices.RuntimeHelpers:RunClassConstructor (System.RuntimeTypeHandle)
UnityEditor.EditorAssemblies:ProcessInitializeOnLoadAttributes (System.Type[])

(Filename: Assets/Plugins/Ludiq/Ludiq.PeekCore/Editor/Plugins/PluginPaths.cs Line: 51)

Loading Ludiq.PeekCore.DictionaryAsset failed:
Assets\Plugins\Ludiq.Generated\Persistent\ProjectSettings\Ludiq.PeekCore.ProjectSettings.asset
UnityEngine.StackTraceUtility:ExtractStackTrace ()
UnityEngine.DebugLogHandler:LogFormat (UnityEngine.LogType,UnityEngine.Object,string,object[])
UnityEngine.Logger:Log (UnityEngine.LogType,object)
UnityEngine.Debug:LogWarning (object)
Ludiq.PeekCore.AssetUtility:TryLoad<Ludiq.PeekCore.DictionaryAsset> (string,Ludiq.PeekCore.DictionaryAsset&) (at Assets/Plugins/Ludiq/Ludiq.PeekCore/Editor/Utilities/AssetUtility.cs:76)
Ludiq.PeekCore.PluginConfiguration:LoadProjectSettings () (at Assets/Plugins/Ludiq/Ludiq.PeekCore/Editor/Plugins/PluginConfiguration.cs:287)
Ludiq.PeekCore.PluginConfiguration:Load () (at Assets/Plugins/Ludiq/Ludiq.PeekCore/Editor/Plugins/PluginConfiguration.cs:47)
Ludiq.PeekCore.PluginConfiguration:Initialize () (at Assets/Plugins/Ludiq/Ludiq.PeekCore/Editor/Plugins/PluginConfiguration.cs:26)
Ludiq.PeekCore.PluginContainer:Initialize () (at Assets/Plugins/Ludiq/Ludiq.PeekCore/Editor/Plugins/PluginContainer.cs:233)
Ludiq.PeekCore.PluginContainer:.cctor () (at Assets/Plugins/Ludiq/Ludiq.PeekCore/Editor/Plugins/PluginContainer.cs:21)
System.Runtime.CompilerServices.RuntimeHelpers:RunClassConstructor (System.RuntimeTypeHandle)
UnityEditor.EditorAssemblies:ProcessInitializeOnLoadAttributes (System.Type[])

(Filename: Assets/Plugins/Ludiq/Ludiq.PeekCore/Editor/Utilities/AssetUtility.cs Line: 76)

Loading Ludiq.PeekCore.DictionaryAsset failed:
Assets\Plugins\Ludiq.Generated\Persistent\ProjectSettings\Ludiq.Peek.ProjectSettings.asset
UnityEngine.StackTraceUtility:ExtractStackTrace ()
UnityEngine.DebugLogHandler:LogFormat (UnityEngine.LogType,UnityEngine.Object,string,object[])
UnityEngine.Logger:Log (UnityEngine.LogType,object)
UnityEngine.Debug:LogWarning (object)
Ludiq.PeekCore.AssetUtility:TryLoad<Ludiq.PeekCore.DictionaryAsset> (string,Ludiq.PeekCore.DictionaryAsset&) (at Assets/Plugins/Ludiq/Ludiq.PeekCore/Editor/Utilities/AssetUtility.cs:76)
Ludiq.PeekCore.PluginConfiguration:LoadProjectSettings () (at Assets/Plugins/Ludiq/Ludiq.PeekCore/Editor/Plugins/PluginConfiguration.cs:287)
Ludiq.PeekCore.PluginConfiguration:Load () (at Assets/Plugins/Ludiq/Ludiq.PeekCore/Editor/Plugins/PluginConfiguration.cs:47)
Ludiq.PeekCore.PluginConfiguration:Initialize () (at Assets/Plugins/Ludiq/Ludiq.PeekCore/Editor/Plugins/PluginConfiguration.cs:26)
Ludiq.PeekCore.PluginContainer:Initialize () (at Assets/Plugins/Ludiq/Ludiq.PeekCore/Editor/Plugins/PluginContainer.cs:233)
Ludiq.PeekCore.PluginContainer:.cctor () (at Assets/Plugins/Ludiq/Ludiq.PeekCore/Editor/Plugins/PluginContainer.cs:21)
System.Runtime.CompilerServices.RuntimeHelpers:RunClassConstructor (System.RuntimeTypeHandle)
UnityEditor.EditorAssemblies:ProcessInitializeOnLoadAttributes (System.Type[])

(Filename: Assets/Plugins/Ludiq/Ludiq.PeekCore/Editor/Utilities/AssetUtility.cs Line: 76)

Mono: successfully reloaded assembly
- Completed reload, in  3.546 seconds
Platform modules already initialized, skipping
Switching build target platform(5) subTarget(0) extendedPlatform(0) -> platform(13) subTarget(589824) extendedPlatform(0)
Refreshing native plugins compatible for Editor in 5.01 ms, found 27 plugins.
Preloading 0 native plugins for Editor in 0.00 ms.
Unloading 7107 Unused Serialized files (Serialized files now loaded: 0)
System memory in use before: 404.4 MB.
System memory in use after: 404.7 MB.

Unloading 139 unused Assets to reduce memory usage. Loaded Objects now: 7951.
Total: 36.706900 ms (FindLiveObjects: 1.109900 ms CreateObjectMapping: 0.243000 ms MarkObjects: 34.974900 ms  DeleteObjects: 0.377700 ms)

AssetImportParameters requested are different than current active one (requested -> active):
  custom:graphics/normal-map-encoding: 01000000000000000000000000000000 -> 02000000000000000000000000000000
========================================================================
Received Prepare
Registering precompiled user dll's ...
Registered in 0.016464 seconds.
Begin MonoManager ReloadAssembly
Native extension for WindowsStandalone target not found
Refreshing native plugins compatible for Editor in 4.62 ms, found 27 plugins.
Preloading 0 native plugins for Editor in 0.00 ms.
Plugin 'Ludiq.PeekCore' has generated assets in a special Unity folder that makes it compile first.
This might cause issues with generated assets. Path:
C:\GitHub\Project-Ninja\Project Ninja Source\Assets\Plugins\Ludiq.Generated
UnityEngine.StackTraceUtility:ExtractStackTrace ()
UnityEngine.DebugLogHandler:LogFormat (UnityEngine.LogType,UnityEngine.Object,string,object[])
UnityEngine.Logger:Log (UnityEngine.LogType,object)
UnityEngine.Debug:LogWarning (object)
Ludiq.PeekCore.PluginPaths:get_generatedRoot () (at Assets/Plugins/Ludiq/Ludiq.PeekCore/Editor/Plugins/PluginPaths.cs:51)
Ludiq.PeekCore.PluginPaths:get_persistentGenerated () (at Assets/Plugins/Ludiq/Ludiq.PeekCore/Editor/Plugins/PluginPaths.cs:67)
Ludiq.PeekCore.PluginPaths:get_projectSettings () (at Assets/Plugins/Ludiq/Ludiq.PeekCore/Editor/Plugins/PluginPaths.cs:65)
Ludiq.PeekCore.PluginConfiguration:get_projectSettingsStoragePath () (at Assets/Plugins/Ludiq/Ludiq.PeekCore/Editor/Plugins/PluginConfiguration.cs:281)
Ludiq.PeekCore.PluginConfiguration:LoadProjectSettings () (at Assets/Plugins/Ludiq/Ludiq.PeekCore/Editor/Plugins/PluginConfiguration.cs:287)
Ludiq.PeekCore.PluginConfiguration:Load () (at Assets/Plugins/Ludiq/Ludiq.PeekCore/Editor/Plugins/PluginConfiguration.cs:47)
Ludiq.PeekCore.PluginConfiguration:Initialize () (at Assets/Plugins/Ludiq/Ludiq.PeekCore/Editor/Plugins/PluginConfiguration.cs:26)
Ludiq.PeekCore.PluginContainer:Initialize () (at Assets/Plugins/Ludiq/Ludiq.PeekCore/Editor/Plugins/PluginContainer.cs:233)
Ludiq.PeekCore.PluginContainer:.cctor () (at Assets/Plugins/Ludiq/Ludiq.PeekCore/Editor/Plugins/PluginContainer.cs:21)
System.Runtime.CompilerServices.RuntimeHelpers:RunClassConstructor (System.RuntimeTypeHandle)
UnityEditor.EditorAssemblies:ProcessInitializeOnLoadAttributes (System.Type[])

(Filename: Assets/Plugins/Ludiq/Ludiq.PeekCore/Editor/Plugins/PluginPaths.cs Line: 51)

Loading Ludiq.PeekCore.DictionaryAsset failed:
Assets\Plugins\Ludiq.Generated\Persistent\ProjectSettings\Ludiq.PeekCore.ProjectSettings.asset
UnityEngine.StackTraceUtility:ExtractStackTrace ()
UnityEngine.DebugLogHandler:LogFormat (UnityEngine.LogType,UnityEngine.Object,string,object[])
UnityEngine.Logger:Log (UnityEngine.LogType,object)
UnityEngine.Debug:LogWarning (object)
Ludiq.PeekCore.AssetUtility:TryLoad<Ludiq.PeekCore.DictionaryAsset> (string,Ludiq.PeekCore.DictionaryAsset&) (at Assets/Plugins/Ludiq/Ludiq.PeekCore/Editor/Utilities/AssetUtility.cs:76)
Ludiq.PeekCore.PluginConfiguration:LoadProjectSettings () (at Assets/Plugins/Ludiq/Ludiq.PeekCore/Editor/Plugins/PluginConfiguration.cs:287)
Ludiq.PeekCore.PluginConfiguration:Load () (at Assets/Plugins/Ludiq/Ludiq.PeekCore/Editor/Plugins/PluginConfiguration.cs:47)
Ludiq.PeekCore.PluginConfiguration:Initialize () (at Assets/Plugins/Ludiq/Ludiq.PeekCore/Editor/Plugins/PluginConfiguration.cs:26)
Ludiq.PeekCore.PluginContainer:Initialize () (at Assets/Plugins/Ludiq/Ludiq.PeekCore/Editor/Plugins/PluginContainer.cs:233)
Ludiq.PeekCore.PluginContainer:.cctor () (at Assets/Plugins/Ludiq/Ludiq.PeekCore/Editor/Plugins/PluginContainer.cs:21)
System.Runtime.CompilerServices.RuntimeHelpers:RunClassConstructor (System.RuntimeTypeHandle)
UnityEditor.EditorAssemblies:ProcessInitializeOnLoadAttributes (System.Type[])

(Filename: Assets/Plugins/Ludiq/Ludiq.PeekCore/Editor/Utilities/AssetUtility.cs Line: 76)

Loading Ludiq.PeekCore.DictionaryAsset failed:
Assets\Plugins\Ludiq.Generated\Persistent\ProjectSettings\Ludiq.Peek.ProjectSettings.asset
UnityEngine.StackTraceUtility:ExtractStackTrace ()
UnityEngine.DebugLogHandler:LogFormat (UnityEngine.LogType,UnityEngine.Object,string,object[])
UnityEngine.Logger:Log (UnityEngine.LogType,object)
UnityEngine.Debug:LogWarning (object)
Ludiq.PeekCore.AssetUtility:TryLoad<Ludiq.PeekCore.DictionaryAsset> (string,Ludiq.PeekCore.DictionaryAsset&) (at Assets/Plugins/Ludiq/Ludiq.PeekCore/Editor/Utilities/AssetUtility.cs:76)
Ludiq.PeekCore.PluginConfiguration:LoadProjectSettings () (at Assets/Plugins/Ludiq/Ludiq.PeekCore/Editor/Plugins/PluginConfiguration.cs:287)
Ludiq.PeekCore.PluginConfiguration:Load () (at Assets/Plugins/Ludiq/Ludiq.PeekCore/Editor/Plugins/PluginConfiguration.cs:47)
Ludiq.PeekCore.PluginConfiguration:Initialize () (at Assets/Plugins/Ludiq/Ludiq.PeekCore/Editor/Plugins/PluginConfiguration.cs:26)
Ludiq.PeekCore.PluginContainer:Initialize () (at Assets/Plugins/Ludiq/Ludiq.PeekCore/Editor/Plugins/PluginContainer.cs:233)
Ludiq.PeekCore.PluginContainer:.cctor () (at Assets/Plugins/Ludiq/Ludiq.PeekCore/Editor/Plugins/PluginContainer.cs:21)
System.Runtime.CompilerServices.RuntimeHelpers:RunClassConstructor (System.RuntimeTypeHandle)
UnityEditor.EditorAssemblies:ProcessInitializeOnLoadAttributes (System.Type[])

(Filename: Assets/Plugins/Ludiq/Ludiq.PeekCore/Editor/Utilities/AssetUtility.cs Line: 76)

Mono: successfully reloaded assembly
- Completed reload, in  3.479 seconds
Platform modules already initialized, skipping
Switching build target platform(5) subTarget(0) extendedPlatform(0) -> platform(13) subTarget(589824) extendedPlatform(0)
Refreshing native plugins compatible for Editor in 3.84 ms, found 27 plugins.
Preloading 0 native plugins for Editor in 0.00 ms.
Unloading 7180 Unused Serialized files (Serialized files now loaded: 0)
System memory in use before: 406.4 MB.
System memory in use after: 406.6 MB.

Unloading 139 unused Assets to reduce memory usage. Loaded Objects now: 8030.
Total: 17.845800 ms (FindLiveObjects: 0.797100 ms CreateObjectMapping: 0.214200 ms MarkObjects: 16.548200 ms  DeleteObjects: 0.284800 ms)

AssetImportParameters requested are different than current active one (requested -> active):
  custom:graphics/normal-map-encoding: 01000000000000000000000000000000 -> 02000000000000000000000000000000
========================================================================
Received Prepare
Registering precompiled user dll's ...
Registered in 0.018803 seconds.
Begin MonoManager ReloadAssembly
Native extension for WindowsStandalone target not found
Refreshing native plugins compatible for Editor in 3.93 ms, found 27 plugins.
Preloading 0 native plugins for Editor in 0.00 ms.
Plugin 'Ludiq.PeekCore' has generated assets in a special Unity folder that makes it compile first.
This might cause issues with generated assets. Path:
C:\GitHub\Project-Ninja\Project Ninja Source\Assets\Plugins\Ludiq.Generated
UnityEngine.StackTraceUtility:ExtractStackTrace ()
UnityEngine.DebugLogHandler:LogFormat (UnityEngine.LogType,UnityEngine.Object,string,object[])
UnityEngine.Logger:Log (UnityEngine.LogType,object)
UnityEngine.Debug:LogWarning (object)
Ludiq.PeekCore.PluginPaths:get_generatedRoot () (at Assets/Plugins/Ludiq/Ludiq.PeekCore/Editor/Plugins/PluginPaths.cs:51)
Ludiq.PeekCore.PluginPaths:get_persistentGenerated () (at Assets/Plugins/Ludiq/Ludiq.PeekCore/Editor/Plugins/PluginPaths.cs:67)
Ludiq.PeekCore.PluginPaths:get_projectSettings () (at Assets/Plugins/Ludiq/Ludiq.PeekCore/Editor/Plugins/PluginPaths.cs:65)
Ludiq.PeekCore.PluginConfiguration:get_projectSettingsStoragePath () (at Assets/Plugins/Ludiq/Ludiq.PeekCore/Editor/Plugins/PluginConfiguration.cs:281)
Ludiq.PeekCore.PluginConfiguration:LoadProjectSettings () (at Assets/Plugins/Ludiq/Ludiq.PeekCore/Editor/Plugins/PluginConfiguration.cs:287)
Ludiq.PeekCore.PluginConfiguration:Load () (at Assets/Plugins/Ludiq/Ludiq.PeekCore/Editor/Plugins/PluginConfiguration.cs:47)
Ludiq.PeekCore.PluginConfiguration:Initialize () (at Assets/Plugins/Ludiq/Ludiq.PeekCore/Editor/Plugins/PluginConfiguration.cs:26)
Ludiq.PeekCore.PluginContainer:Initialize () (at Assets/Plugins/Ludiq/Ludiq.PeekCore/Editor/Plugins/PluginContainer.cs:233)
Ludiq.PeekCore.PluginContainer:.cctor () (at Assets/Plugins/Ludiq/Ludiq.PeekCore/Editor/Plugins/PluginContainer.cs:21)
System.Runtime.CompilerServices.RuntimeHelpers:RunClassConstructor (System.RuntimeTypeHandle)
UnityEditor.EditorAssemblies:ProcessInitializeOnLoadAttributes (System.Type[])

(Filename: Assets/Plugins/Ludiq/Ludiq.PeekCore/Editor/Plugins/PluginPaths.cs Line: 51)

Loading Ludiq.PeekCore.DictionaryAsset failed:
Assets\Plugins\Ludiq.Generated\Persistent\ProjectSettings\Ludiq.PeekCore.ProjectSettings.asset
UnityEngine.StackTraceUtility:ExtractStackTrace ()
UnityEngine.DebugLogHandler:LogFormat (UnityEngine.LogType,UnityEngine.Object,string,object[])
UnityEngine.Logger:Log (UnityEngine.LogType,object)
UnityEngine.Debug:LogWarning (object)
Ludiq.PeekCore.AssetUtility:TryLoad<Ludiq.PeekCore.DictionaryAsset> (string,Ludiq.PeekCore.DictionaryAsset&) (at Assets/Plugins/Ludiq/Ludiq.PeekCore/Editor/Utilities/AssetUtility.cs:76)
Ludiq.PeekCore.PluginConfiguration:LoadProjectSettings () (at Assets/Plugins/Ludiq/Ludiq.PeekCore/Editor/Plugins/PluginConfiguration.cs:287)
Ludiq.PeekCore.PluginConfiguration:Load () (at Assets/Plugins/Ludiq/Ludiq.PeekCore/Editor/Plugins/PluginConfiguration.cs:47)
Ludiq.PeekCore.PluginConfiguration:Initialize () (at Assets/Plugins/Ludiq/Ludiq.PeekCore/Editor/Plugins/PluginConfiguration.cs:26)
Ludiq.PeekCore.PluginContainer:Initialize () (at Assets/Plugins/Ludiq/Ludiq.PeekCore/Editor/Plugins/PluginContainer.cs:233)
Ludiq.PeekCore.PluginContainer:.cctor () (at Assets/Plugins/Ludiq/Ludiq.PeekCore/Editor/Plugins/PluginContainer.cs:21)
System.Runtime.CompilerServices.RuntimeHelpers:RunClassConstructor (System.RuntimeTypeHandle)
UnityEditor.EditorAssemblies:ProcessInitializeOnLoadAttributes (System.Type[])

(Filename: Assets/Plugins/Ludiq/Ludiq.PeekCore/Editor/Utilities/AssetUtility.cs Line: 76)

Loading Ludiq.PeekCore.DictionaryAsset failed:
Assets\Plugins\Ludiq.Generated\Persistent\ProjectSettings\Ludiq.Peek.ProjectSettings.asset
UnityEngine.StackTraceUtility:ExtractStackTrace ()
UnityEngine.DebugLogHandler:LogFormat (UnityEngine.LogType,UnityEngine.Object,string,object[])
UnityEngine.Logger:Log (UnityEngine.LogType,object)
UnityEngine.Debug:LogWarning (object)
Ludiq.PeekCore.AssetUtility:TryLoad<Ludiq.PeekCore.DictionaryAsset> (string,Ludiq.PeekCore.DictionaryAsset&) (at Assets/Plugins/Ludiq/Ludiq.PeekCore/Editor/Utilities/AssetUtility.cs:76)
Ludiq.PeekCore.PluginConfiguration:LoadProjectSettings () (at Assets/Plugins/Ludiq/Ludiq.PeekCore/Editor/Plugins/PluginConfiguration.cs:287)
Ludiq.PeekCore.PluginConfiguration:Load () (at Assets/Plugins/Ludiq/Ludiq.PeekCore/Editor/Plugins/PluginConfiguration.cs:47)
Ludiq.PeekCore.PluginConfiguration:Initialize () (at Assets/Plugins/Ludiq/Ludiq.PeekCore/Editor/Plugins/PluginConfiguration.cs:26)
Ludiq.PeekCore.PluginContainer:Initialize () (at Assets/Plugins/Ludiq/Ludiq.PeekCore/Editor/Plugins/PluginContainer.cs:233)
Ludiq.PeekCore.PluginContainer:.cctor () (at Assets/Plugins/Ludiq/Ludiq.PeekCore/Editor/Plugins/PluginContainer.cs:21)
System.Runtime.CompilerServices.RuntimeHelpers:RunClassConstructor (System.RuntimeTypeHandle)
UnityEditor.EditorAssemblies:ProcessInitializeOnLoadAttributes (System.Type[])

(Filename: Assets/Plugins/Ludiq/Ludiq.PeekCore/Editor/Utilities/AssetUtility.cs Line: 76)

Mono: successfully reloaded assembly
- Completed reload, in  3.556 seconds
Platform modules already initialized, skipping
Switching build target platform(5) subTarget(0) extendedPlatform(0) -> platform(13) subTarget(589824) extendedPlatform(0)
Refreshing native plugins compatible for Editor in 3.50 ms, found 27 plugins.
Preloading 0 native plugins for Editor in 0.00 ms.
Unloading 7350 Unused Serialized files (Serialized files now loaded: 0)
System memory in use before: 434.1 MB.
System memory in use after: 423.1 MB.

Unloading 189 unused Assets to reduce memory usage. Loaded Objects now: 8156.
Total: 28.420400 ms (FindLiveObjects: 1.512000 ms CreateObjectMapping: 0.473400 ms MarkObjects: 16.861200 ms  DeleteObjects: 9.571000 ms)

AssetImportParameters requested are different than current active one (requested -> active):
  custom:graphics/normal-map-encoding: 01000000000000000000000000000000 -> 02000000000000000000000000000000
========================================================================
Received Prepare
Registering precompiled user dll's ...
Registered in 0.019697 seconds.
Begin MonoManager ReloadAssembly
Native extension for WindowsStandalone target not found
Refreshing native plugins compatible for Editor in 3.42 ms, found 27 plugins.
Preloading 0 native plugins for Editor in 0.00 ms.
Plugin 'Ludiq.PeekCore' has generated assets in a special Unity folder that makes it compile first.
This might cause issues with generated assets. Path:
C:\GitHub\Project-Ninja\Project Ninja Source\Assets\Plugins\Ludiq.Generated
UnityEngine.StackTraceUtility:ExtractStackTrace ()
UnityEngine.DebugLogHandler:LogFormat (UnityEngine.LogType,UnityEngine.Object,string,object[])
UnityEngine.Logger:Log (UnityEngine.LogType,object)
UnityEngine.Debug:LogWarning (object)
Ludiq.PeekCore.PluginPaths:get_generatedRoot () (at Assets/Plugins/Ludiq/Ludiq.PeekCore/Editor/Plugins/PluginPaths.cs:51)
Ludiq.PeekCore.PluginPaths:get_persistentGenerated () (at Assets/Plugins/Ludiq/Ludiq.PeekCore/Editor/Plugins/PluginPaths.cs:67)
Ludiq.PeekCore.PluginPaths:get_projectSettings () (at Assets/Plugins/Ludiq/Ludiq.PeekCore/Editor/Plugins/PluginPaths.cs:65)
Ludiq.PeekCore.PluginConfiguration:get_projectSettingsStoragePath () (at Assets/Plugins/Ludiq/Ludiq.PeekCore/Editor/Plugins/PluginConfiguration.cs:281)
Ludiq.PeekCore.PluginConfiguration:LoadProjectSettings () (at Assets/Plugins/Ludiq/Ludiq.PeekCore/Editor/Plugins/PluginConfiguration.cs:287)
Ludiq.PeekCore.PluginConfiguration:Load () (at Assets/Plugins/Ludiq/Ludiq.PeekCore/Editor/Plugins/PluginConfiguration.cs:47)
Ludiq.PeekCore.PluginConfiguration:Initialize () (at Assets/Plugins/Ludiq/Ludiq.PeekCore/Editor/Plugins/PluginConfiguration.cs:26)
Ludiq.PeekCore.PluginContainer:Initialize () (at Assets/Plugins/Ludiq/Ludiq.PeekCore/Editor/Plugins/PluginContainer.cs:233)
Ludiq.PeekCore.PluginContainer:.cctor () (at Assets/Plugins/Ludiq/Ludiq.PeekCore/Editor/Plugins/PluginContainer.cs:21)
System.Runtime.CompilerServices.RuntimeHelpers:RunClassConstructor (System.RuntimeTypeHandle)
UnityEditor.EditorAssemblies:ProcessInitializeOnLoadAttributes (System.Type[])

(Filename: Assets/Plugins/Ludiq/Ludiq.PeekCore/Editor/Plugins/PluginPaths.cs Line: 51)

Loading Ludiq.PeekCore.DictionaryAsset failed:
Assets\Plugins\Ludiq.Generated\Persistent\ProjectSettings\Ludiq.PeekCore.ProjectSettings.asset
UnityEngine.StackTraceUtility:ExtractStackTrace ()
UnityEngine.DebugLogHandler:LogFormat (UnityEngine.LogType,UnityEngine.Object,string,object[])
UnityEngine.Logger:Log (UnityEngine.LogType,object)
UnityEngine.Debug:LogWarning (object)
Ludiq.PeekCore.AssetUtility:TryLoad<Ludiq.PeekCore.DictionaryAsset> (string,Ludiq.PeekCore.DictionaryAsset&) (at Assets/Plugins/Ludiq/Ludiq.PeekCore/Editor/Utilities/AssetUtility.cs:76)
Ludiq.PeekCore.PluginConfiguration:LoadProjectSettings () (at Assets/Plugins/Ludiq/Ludiq.PeekCore/Editor/Plugins/PluginConfiguration.cs:287)
Ludiq.PeekCore.PluginConfiguration:Load () (at Assets/Plugins/Ludiq/Ludiq.PeekCore/Editor/Plugins/PluginConfiguration.cs:47)
Ludiq.PeekCore.PluginConfiguration:Initialize () (at Assets/Plugins/Ludiq/Ludiq.PeekCore/Editor/Plugins/PluginConfiguration.cs:26)
Ludiq.PeekCore.PluginContainer:Initialize () (at Assets/Plugins/Ludiq/Ludiq.PeekCore/Editor/Plugins/PluginContainer.cs:233)
Ludiq.PeekCore.PluginContainer:.cctor () (at Assets/Plugins/Ludiq/Ludiq.PeekCore/Editor/Plugins/PluginContainer.cs:21)
System.Runtime.CompilerServices.RuntimeHelpers:RunClassConstructor (System.RuntimeTypeHandle)
UnityEditor.EditorAssemblies:ProcessInitializeOnLoadAttributes (System.Type[])

(Filename: Assets/Plugins/Ludiq/Ludiq.PeekCore/Editor/Utilities/AssetUtility.cs Line: 76)

Loading Ludiq.PeekCore.DictionaryAsset failed:
Assets\Plugins\Ludiq.Generated\Persistent\ProjectSettings\Ludiq.Peek.ProjectSettings.asset
UnityEngine.StackTraceUtility:ExtractStackTrace ()
UnityEngine.DebugLogHandler:LogFormat (UnityEngine.LogType,UnityEngine.Object,string,object[])
UnityEngine.Logger:Log (UnityEngine.LogType,object)
UnityEngine.Debug:LogWarning (object)
Ludiq.PeekCore.AssetUtility:TryLoad<Ludiq.PeekCore.DictionaryAsset> (string,Ludiq.PeekCore.DictionaryAsset&) (at Assets/Plugins/Ludiq/Ludiq.PeekCore/Editor/Utilities/AssetUtility.cs:76)
Ludiq.PeekCore.PluginConfiguration:LoadProjectSettings () (at Assets/Plugins/Ludiq/Ludiq.PeekCore/Editor/Plugins/PluginConfiguration.cs:287)
Ludiq.PeekCore.PluginConfiguration:Load () (at Assets/Plugins/Ludiq/Ludiq.PeekCore/Editor/Plugins/PluginConfiguration.cs:47)
Ludiq.PeekCore.PluginConfiguration:Initialize () (at Assets/Plugins/Ludiq/Ludiq.PeekCore/Editor/Plugins/PluginConfiguration.cs:26)
Ludiq.PeekCore.PluginContainer:Initialize () (at Assets/Plugins/Ludiq/Ludiq.PeekCore/Editor/Plugins/PluginContainer.cs:233)
Ludiq.PeekCore.PluginContainer:.cctor () (at Assets/Plugins/Ludiq/Ludiq.PeekCore/Editor/Plugins/PluginContainer.cs:21)
System.Runtime.CompilerServices.RuntimeHelpers:RunClassConstructor (System.RuntimeTypeHandle)
UnityEditor.EditorAssemblies:ProcessInitializeOnLoadAttributes (System.Type[])

(Filename: Assets/Plugins/Ludiq/Ludiq.PeekCore/Editor/Utilities/AssetUtility.cs Line: 76)

Mono: successfully reloaded assembly
- Completed reload, in  3.279 seconds
Platform modules already initialized, skipping
Switching build target platform(5) subTarget(0) extendedPlatform(0) -> platform(13) subTarget(589824) extendedPlatform(0)
Refreshing native plugins compatible for Editor in 3.78 ms, found 27 plugins.
Preloading 0 native plugins for Editor in 0.00 ms.
Unloading 7370 Unused Serialized files (Serialized files now loaded: 0)
System memory in use before: 433.0 MB.
System memory in use after: 422.1 MB.

Unloading 189 unused Assets to reduce memory usage. Loaded Objects now: 8182.
Total: 25.626400 ms (FindLiveObjects: 0.863400 ms CreateObjectMapping: 0.217000 ms MarkObjects: 14.777200 ms  DeleteObjects: 9.767100 ms)

AssetImportParameters requested are different than current active one (requested -> active):
  custom:graphics/normal-map-encoding: 01000000000000000000000000000000 -> 02000000000000000000000000000000
========================================================================
Received Import Request.
  Time since last request: 429.309657 seconds.
  path: Assets/StringOMatic
  artifactKey: Guid(84fc6509e4bb5b84aa1ccb39ebc4f005) Importer(815301076,1909f56bfc062723c751e8b465ee728b)
Start importing Assets/StringOMatic using Guid(84fc6509e4bb5b84aa1ccb39ebc4f005) Importer(815301076,1909f56bfc062723c751e8b465ee728b)  -> (artifact id: '3db3e82c031480214d40964cd3771d23') in 0.015183 seconds
  Import took 0.036111 seconds .

========================================================================
Received Import Request.
  Time since last request: 0.108926 seconds.
  path: Assets/StringOMatic
  artifactKey: Guid(84fc6509e4bb5b84aa1ccb39ebc4f005) Importer(815301076,1909f56bfc062723c751e8b465ee728b)
Start importing Assets/StringOMatic using Guid(84fc6509e4bb5b84aa1ccb39ebc4f005) Importer(815301076,1909f56bfc062723c751e8b465ee728b)  -> (artifact id: '3db3e82c031480214d40964cd3771d23') in 0.002587 seconds
  Import took 0.017879 seconds .

========================================================================
Received Import Request.
  Time since last request: 1.508659 seconds.
  path: Assets/ShaderWeaver
  artifactKey: Guid(d20ec5225d62fe44884af5eaafa93e85) Importer(815301076,1909f56bfc062723c751e8b465ee728b)
Start importing Assets/ShaderWeaver using Guid(d20ec5225d62fe44884af5eaafa93e85) Importer(815301076,1909f56bfc062723c751e8b465ee728b)  -> (artifact id: 'c1bddb7e9cb8b4237e6e798aae978a1a') in 0.006661 seconds
  Import took 0.020531 seconds .

========================================================================
Received Import Request.
  Time since last request: 1.268437 seconds.
  path: Assets/SensorToolkit
  artifactKey: Guid(a3c98fcc8d3a21646bc9dce2c58ae124) Importer(815301076,1909f56bfc062723c751e8b465ee728b)
Start importing Assets/SensorToolkit using Guid(a3c98fcc8d3a21646bc9dce2c58ae124) Importer(815301076,1909f56bfc062723c751e8b465ee728b)  -> (artifact id: 'f19bd4c0bd6e9d35089e098a171d925b') in 0.011171 seconds
  Import took 0.038518 seconds .

========================================================================
Received Import Request.
  Time since last request: 4.266399 seconds.
  path: Assets/SelectionHistory
  artifactKey: Guid(4658c837041b89a4a967ba13dfbcc337) Importer(815301076,1909f56bfc062723c751e8b465ee728b)
Start importing Assets/SelectionHistory using Guid(4658c837041b89a4a967ba13dfbcc337) Importer(815301076,1909f56bfc062723c751e8b465ee728b)  -> (artifact id: '0079e7c78ae739a115b3cb26e3c1c7fb') in 0.009395 seconds
  Import took 0.025212 seconds .

========================================================================
Received Import Request.
  Time since last request: 0.388914 seconds.
  path: Assets/Search PRO
  artifactKey: Guid(93d2997acb6b40544a72b2064f14e61d) Importer(815301076,1909f56bfc062723c751e8b465ee728b)
Start importing Assets/Search PRO using Guid(93d2997acb6b40544a72b2064f14e61d) Importer(815301076,1909f56bfc062723c751e8b465ee728b)  -> (artifact id: 'c689e24a75ab6308e8e1da015cc4e659') in 0.008185 seconds
  Import took 0.022449 seconds .

========================================================================
Received Prepare
Registering precompiled user dll's ...
Registered in 0.164600 seconds.
Begin MonoManager ReloadAssembly
Native extension for WindowsStandalone target not found
Refreshing native plugins compatible for Editor in 3.41 ms, found 27 plugins.
Preloading 0 native plugins for Editor in 0.00 ms.
Plugin 'Ludiq.PeekCore' has generated assets in a special Unity folder that makes it compile first.
This might cause issues with generated assets. Path:
C:\GitHub\Project-Ninja\Project Ninja Source\Assets\Plugins\Ludiq.Generated
UnityEngine.StackTraceUtility:ExtractStackTrace ()
UnityEngine.DebugLogHandler:LogFormat (UnityEngine.LogType,UnityEngine.Object,string,object[])
UnityEngine.Logger:Log (UnityEngine.LogType,object)
UnityEngine.Debug:LogWarning (object)
Ludiq.PeekCore.PluginPaths:get_generatedRoot () (at Assets/Plugins/Ludiq/Ludiq.PeekCore/Editor/Plugins/PluginPaths.cs:51)
Ludiq.PeekCore.PluginPaths:get_persistentGenerated () (at Assets/Plugins/Ludiq/Ludiq.PeekCore/Editor/Plugins/PluginPaths.cs:67)
Ludiq.PeekCore.PluginPaths:get_projectSettings () (at Assets/Plugins/Ludiq/Ludiq.PeekCore/Editor/Plugins/PluginPaths.cs:65)
Ludiq.PeekCore.PluginConfiguration:get_projectSettingsStoragePath () (at Assets/Plugins/Ludiq/Ludiq.PeekCore/Editor/Plugins/PluginConfiguration.cs:281)
Ludiq.PeekCore.PluginConfiguration:LoadProjectSettings () (at Assets/Plugins/Ludiq/Ludiq.PeekCore/Editor/Plugins/PluginConfiguration.cs:287)
Ludiq.PeekCore.PluginConfiguration:Load () (at Assets/Plugins/Ludiq/Ludiq.PeekCore/Editor/Plugins/PluginConfiguration.cs:47)
Ludiq.PeekCore.PluginConfiguration:Initialize () (at Assets/Plugins/Ludiq/Ludiq.PeekCore/Editor/Plugins/PluginConfiguration.cs:26)
Ludiq.PeekCore.PluginContainer:Initialize () (at Assets/Plugins/Ludiq/Ludiq.PeekCore/Editor/Plugins/PluginContainer.cs:233)
Ludiq.PeekCore.PluginContainer:.cctor () (at Assets/Plugins/Ludiq/Ludiq.PeekCore/Editor/Plugins/PluginContainer.cs:21)
System.Runtime.CompilerServices.RuntimeHelpers:RunClassConstructor (System.RuntimeTypeHandle)
UnityEditor.EditorAssemblies:ProcessInitializeOnLoadAttributes (System.Type[])

(Filename: Assets/Plugins/Ludiq/Ludiq.PeekCore/Editor/Plugins/PluginPaths.cs Line: 51)

Loading Ludiq.PeekCore.DictionaryAsset failed:
Assets\Plugins\Ludiq.Generated\Persistent\ProjectSettings\Ludiq.PeekCore.ProjectSettings.asset
UnityEngine.StackTraceUtility:ExtractStackTrace ()
UnityEngine.DebugLogHandler:LogFormat (UnityEngine.LogType,UnityEngine.Object,string,object[])
UnityEngine.Logger:Log (UnityEngine.LogType,object)
UnityEngine.Debug:LogWarning (object)
Ludiq.PeekCore.AssetUtility:TryLoad<Ludiq.PeekCore.DictionaryAsset> (string,Ludiq.PeekCore.DictionaryAsset&) (at Assets/Plugins/Ludiq/Ludiq.PeekCore/Editor/Utilities/AssetUtility.cs:76)
Ludiq.PeekCore.PluginConfiguration:LoadProjectSettings () (at Assets/Plugins/Ludiq/Ludiq.PeekCore/Editor/Plugins/PluginConfiguration.cs:287)
Ludiq.PeekCore.PluginConfiguration:Load () (at Assets/Plugins/Ludiq/Ludiq.PeekCore/Editor/Plugins/PluginConfiguration.cs:47)
Ludiq.PeekCore.PluginConfiguration:Initialize () (at Assets/Plugins/Ludiq/Ludiq.PeekCore/Editor/Plugins/PluginConfiguration.cs:26)
Ludiq.PeekCore.PluginContainer:Initialize () (at Assets/Plugins/Ludiq/Ludiq.PeekCore/Editor/Plugins/PluginContainer.cs:233)
Ludiq.PeekCore.PluginContainer:.cctor () (at Assets/Plugins/Ludiq/Ludiq.PeekCore/Editor/Plugins/PluginContainer.cs:21)
System.Runtime.CompilerServices.RuntimeHelpers:RunClassConstructor (System.RuntimeTypeHandle)
UnityEditor.EditorAssemblies:ProcessInitializeOnLoadAttributes (System.Type[])

(Filename: Assets/Plugins/Ludiq/Ludiq.PeekCore/Editor/Utilities/AssetUtility.cs Line: 76)

Loading Ludiq.PeekCore.DictionaryAsset failed:
Assets\Plugins\Ludiq.Generated\Persistent\ProjectSettings\Ludiq.Peek.ProjectSettings.asset
UnityEngine.StackTraceUtility:ExtractStackTrace ()
UnityEngine.DebugLogHandler:LogFormat (UnityEngine.LogType,UnityEngine.Object,string,object[])
UnityEngine.Logger:Log (UnityEngine.LogType,object)
UnityEngine.Debug:LogWarning (object)
Ludiq.PeekCore.AssetUtility:TryLoad<Ludiq.PeekCore.DictionaryAsset> (string,Ludiq.PeekCore.DictionaryAsset&) (at Assets/Plugins/Ludiq/Ludiq.PeekCore/Editor/Utilities/AssetUtility.cs:76)
Ludiq.PeekCore.PluginConfiguration:LoadProjectSettings () (at Assets/Plugins/Ludiq/Ludiq.PeekCore/Editor/Plugins/PluginConfiguration.cs:287)
Ludiq.PeekCore.PluginConfiguration:Load () (at Assets/Plugins/Ludiq/Ludiq.PeekCore/Editor/Plugins/PluginConfiguration.cs:47)
Ludiq.PeekCore.PluginConfiguration:Initialize () (at Assets/Plugins/Ludiq/Ludiq.PeekCore/Editor/Plugins/PluginConfiguration.cs:26)
Ludiq.PeekCore.PluginContainer:Initialize () (at Assets/Plugins/Ludiq/Ludiq.PeekCore/Editor/Plugins/PluginContainer.cs:233)
Ludiq.PeekCore.PluginContainer:.cctor () (at Assets/Plugins/Ludiq/Ludiq.PeekCore/Editor/Plugins/PluginContainer.cs:21)
System.Runtime.CompilerServices.RuntimeHelpers:RunClassConstructor (System.RuntimeTypeHandle)
UnityEditor.EditorAssemblies:ProcessInitializeOnLoadAttributes (System.Type[])

(Filename: Assets/Plugins/Ludiq/Ludiq.PeekCore/Editor/Utilities/AssetUtility.cs Line: 76)

Mono: successfully reloaded assembly
- Completed reload, in  3.347 seconds
Platform modules already initialized, skipping
Switching build target platform(5) subTarget(0) extendedPlatform(0) -> platform(13) subTarget(589824) extendedPlatform(0)
Refreshing native plugins compatible for Editor in 4.38 ms, found 27 plugins.
Preloading 0 native plugins for Editor in 0.00 ms.
Unloading 7370 Unused Serialized files (Serialized files now loaded: 0)
System memory in use before: 434.8 MB.
System memory in use after: 423.9 MB.

Unloading 189 unused Assets to reduce memory usage. Loaded Objects now: 8188.
Total: 37.296900 ms (FindLiveObjects: 1.042300 ms CreateObjectMapping: 0.682200 ms MarkObjects: 21.774200 ms  DeleteObjects: 13.796200 ms)

AssetImportParameters requested are different than current active one (requested -> active):
  custom:graphics/normal-map-encoding: 01000000000000000000000000000000 -> 02000000000000000000000000000000
========================================================================
Received Import Request.
  Time since last request: 38.460603 seconds.
  path: Assets/Scenes
  artifactKey: Guid(f7b66c42ee145314083f073e99178630) Importer(815301076,1909f56bfc062723c751e8b465ee728b)
Start importing Assets/Scenes using Guid(f7b66c42ee145314083f073e99178630) Importer(815301076,1909f56bfc062723c751e8b465ee728b)  -> (artifact id: 'a407816eba3f7b3713dcf25d05235fa4') in 0.016955 seconds
  Import took 0.037384 seconds .

